{"C:\\Users\\50662\\Documents\\GitHub\\Reserva-Inteligente-de-Restaurantes\\Tarea_1\\backend\\src\\controller\\AuthController.ts": {"path":"C:\\Users\\50662\\Documents\\GitHub\\Reserva-Inteligente-de-Restaurantes\\Tarea_1\\backend\\src\\controller\\AuthController.ts","statementMap":{"0":{"start":{"line":3,"column":0},"end":{"line":3,"column":68}},"1":{"start":{"line":4,"column":0},"end":{"line":4,"column":26}},"2":{"start":{"line":6,"column":23},"end":{"line":6,"column":60}},"3":{"start":{"line":7,"column":23},"end":{"line":7,"column":60}},"4":{"start":{"line":9,"column":21},"end":{"line":9,"column":72}},"5":{"start":{"line":10,"column":14},"end":{"line":10,"column":33}},"6":{"start":{"line":11,"column":18},"end":{"line":11,"column":35}},"7":{"start":{"line":17,"column":19},"end":{"line":17,"column":40}},"8":{"start":{"line":18,"column":4},"end":{"line":18,"column":44}},"9":{"start":{"line":19,"column":4},"end":{"line":19,"column":44}},"10":{"start":{"line":21,"column":4},"end":{"line":21,"column":74}},"11":{"start":{"line":22,"column":4},"end":{"line":22,"column":78}},"12":{"start":{"line":24,"column":21},"end":{"line":27,"column":null}},"13":{"start":{"line":29,"column":4},"end":{"line":29,"column":38}},"14":{"start":{"line":34,"column":4},"end":{"line":114,"column":5}},"15":{"start":{"line":35,"column":92},"end":{"line":35,"column":100}},"16":{"start":{"line":37,"column":6},"end":{"line":39,"column":7}},"17":{"start":{"line":38,"column":8},"end":{"line":38,"column":118}},"18":{"start":{"line":43,"column":25},"end":{"line":43,"column":77}},"19":{"start":{"line":46,"column":19},"end":{"line":46,"column":62}},"20":{"start":{"line":47,"column":6},"end":{"line":49,"column":7}},"21":{"start":{"line":48,"column":8},"end":{"line":48,"column":110}},"22":{"start":{"line":52,"column":25},"end":{"line":52,"column":61}},"23":{"start":{"line":55,"column":30},"end":{"line":55,"column":75}},"24":{"start":{"line":56,"column":29},"end":{"line":68,"column":8}},"25":{"start":{"line":70,"column":6},"end":{"line":75,"column":9}},"26":{"start":{"line":78,"column":28},"end":{"line":80,"column":8}},"27":{"start":{"line":81,"column":26},"end":{"line":81,"column":50}},"28":{"start":{"line":84,"column":6},"end":{"line":94,"column":7}},"29":{"start":{"line":85,"column":29},"end":{"line":87,"column":10}},"30":{"start":{"line":88,"column":24},"end":{"line":88,"column":41}},"31":{"start":{"line":89,"column":8},"end":{"line":91,"column":11}},"32":{"start":{"line":93,"column":8},"end":{"line":93,"column":138}},"33":{"start":{"line":97,"column":19},"end":{"line":105,"column":8}},"34":{"start":{"line":107,"column":6},"end":{"line":107,"column":89}},"35":{"start":{"line":109,"column":6},"end":{"line":111,"column":7}},"36":{"start":{"line":110,"column":8},"end":{"line":110,"column":104}},"37":{"start":{"line":112,"column":6},"end":{"line":112,"column":81}},"38":{"start":{"line":113,"column":6},"end":{"line":113,"column":84}},"39":{"start":{"line":119,"column":4},"end":{"line":154,"column":5}},"40":{"start":{"line":120,"column":34},"end":{"line":120,"column":42}},"41":{"start":{"line":122,"column":6},"end":{"line":124,"column":7}},"42":{"start":{"line":123,"column":9},"end":{"line":123,"column":73}},"43":{"start":{"line":127,"column":21},"end":{"line":127,"column":42}},"44":{"start":{"line":128,"column":6},"end":{"line":128,"column":46}},"45":{"start":{"line":129,"column":6},"end":{"line":129,"column":44}},"46":{"start":{"line":130,"column":6},"end":{"line":130,"column":39}},"47":{"start":{"line":131,"column":6},"end":{"line":131,"column":42}},"48":{"start":{"line":133,"column":23},"end":{"line":136,"column":null}},"49":{"start":{"line":140,"column":6},"end":{"line":145,"column":9}},"50":{"start":{"line":149,"column":6},"end":{"line":151,"column":7}},"51":{"start":{"line":150,"column":8},"end":{"line":150,"column":75}},"52":{"start":{"line":152,"column":6},"end":{"line":152,"column":87}},"53":{"start":{"line":153,"column":6},"end":{"line":153,"column":75}},"54":{"start":{"line":13,"column":0},"end":{"line":13,"column":13}}},"fnMap":{"0":{"name":"(anonymous_1)","decl":{"start":{"line":16,"column":10},"end":{"line":16,"column":16}},"loc":{"start":{"line":16,"column":36},"end":{"line":30,"column":3}}},"1":{"name":"(anonymous_2)","decl":{"start":{"line":33,"column":2},"end":{"line":33,"column":8}},"loc":{"start":{"line":33,"column":51},"end":{"line":115,"column":3}}},"2":{"name":"(anonymous_3)","decl":{"start":{"line":118,"column":2},"end":{"line":118,"column":8}},"loc":{"start":{"line":118,"column":48},"end":{"line":155,"column":3}}}},"branchMap":{"0":{"loc":{"start":{"line":9,"column":21},"end":{"line":9,"column":72}},"type":"binary-expr","locations":[{"start":{"line":9,"column":21},"end":{"line":9,"column":45}},{"start":{"line":9,"column":49},"end":{"line":9,"column":72}}]},"1":{"loc":{"start":{"line":21,"column":30},"end":{"line":21,"column":72}},"type":"binary-expr","locations":[{"start":{"line":21,"column":30},"end":{"line":21,"column":61}},{"start":{"line":21,"column":65},"end":{"line":21,"column":72}}]},"2":{"loc":{"start":{"line":22,"column":30},"end":{"line":22,"column":76}},"type":"binary-expr","locations":[{"start":{"line":22,"column":30},"end":{"line":22,"column":65}},{"start":{"line":22,"column":69},"end":{"line":22,"column":76}}]},"3":{"loc":{"start":{"line":35,"column":54},"end":{"line":35,"column":87}},"type":"default-arg","locations":[{"start":{"line":35,"column":66},"end":{"line":35,"column":87}}]},"4":{"loc":{"start":{"line":37,"column":6},"end":{"line":39,"column":7}},"type":"if","locations":[{"start":{"line":37,"column":6},"end":{"line":39,"column":7}},{"start":{},"end":{}}]},"5":{"loc":{"start":{"line":37,"column":10},"end":{"line":37,"column":58}},"type":"binary-expr","locations":[{"start":{"line":37,"column":10},"end":{"line":37,"column":21}},{"start":{"line":37,"column":25},"end":{"line":37,"column":35}},{"start":{"line":37,"column":39},"end":{"line":37,"column":45}},{"start":{"line":37,"column":49},"end":{"line":37,"column":58}}]},"6":{"loc":{"start":{"line":43,"column":25},"end":{"line":43,"column":77}},"type":"cond-expr","locations":[{"start":{"line":43,"column":61},"end":{"line":43,"column":68}},{"start":{"line":43,"column":71},"end":{"line":43,"column":77}}]},"7":{"loc":{"start":{"line":47,"column":6},"end":{"line":49,"column":7}},"type":"if","locations":[{"start":{"line":47,"column":6},"end":{"line":49,"column":7}},{"start":{},"end":{}}]},"8":{"loc":{"start":{"line":109,"column":6},"end":{"line":111,"column":7}},"type":"if","locations":[{"start":{"line":109,"column":6},"end":{"line":111,"column":7}},{"start":{},"end":{}}]},"9":{"loc":{"start":{"line":112,"column":42},"end":{"line":112,"column":79}},"type":"binary-expr","locations":[{"start":{"line":112,"column":42},"end":{"line":112,"column":62}},{"start":{"line":112,"column":66},"end":{"line":112,"column":79}}]},"10":{"loc":{"start":{"line":122,"column":6},"end":{"line":124,"column":7}},"type":"if","locations":[{"start":{"line":122,"column":6},"end":{"line":124,"column":7}},{"start":{},"end":{}}]},"11":{"loc":{"start":{"line":122,"column":10},"end":{"line":122,"column":29}},"type":"binary-expr","locations":[{"start":{"line":122,"column":10},"end":{"line":122,"column":16}},{"start":{"line":122,"column":20},"end":{"line":122,"column":29}}]},"12":{"loc":{"start":{"line":149,"column":6},"end":{"line":151,"column":7}},"type":"if","locations":[{"start":{"line":149,"column":6},"end":{"line":151,"column":7}},{"start":{},"end":{}}]},"13":{"loc":{"start":{"line":149,"column":10},"end":{"line":149,"column":57}},"type":"binary-expr","locations":[{"start":{"line":149,"column":10},"end":{"line":149,"column":24}},{"start":{"line":149,"column":28},"end":{"line":149,"column":57}}]},"14":{"loc":{"start":{"line":152,"column":48},"end":{"line":152,"column":85}},"type":"binary-expr","locations":[{"start":{"line":152,"column":48},"end":{"line":152,"column":68}},{"start":{"line":152,"column":72},"end":{"line":152,"column":85}}]}},"s":{"0":1,"1":1,"2":1,"3":1,"4":1,"5":1,"6":1,"7":6,"8":6,"9":6,"10":6,"11":6,"12":6,"13":5,"14":10,"15":10,"16":10,"17":2,"18":8,"19":8,"20":8,"21":2,"22":6,"23":5,"24":5,"25":5,"26":4,"27":4,"28":4,"29":4,"30":3,"31":3,"32":1,"33":4,"34":0,"35":6,"36":1,"37":5,"38":5,"39":7,"40":7,"41":7,"42":3,"43":4,"44":4,"45":4,"46":4,"47":4,"48":4,"49":1,"50":3,"51":1,"52":2,"53":2,"54":1},"f":{"0":6,"1":10,"2":7},"b":{"0":[1,1],"1":[6,6],"2":[6,6],"3":[8],"4":[2,8],"5":[10,9,8,8],"6":[2,6],"7":[2,6],"8":[1,5],"9":[5,5],"10":[3,4],"11":[7,5],"12":[1,2],"13":[3,2],"14":[2,1]}}
,"C:\\Users\\50662\\Documents\\GitHub\\Reserva-Inteligente-de-Restaurantes\\Tarea_1\\backend\\src\\controller\\MenuController.ts": {"path":"C:\\Users\\50662\\Documents\\GitHub\\Reserva-Inteligente-de-Restaurantes\\Tarea_1\\backend\\src\\controller\\MenuController.ts","statementMap":{"0":{"start":{"line":2,"column":0},"end":{"line":2,"column":68}},"1":{"start":{"line":4,"column":23},"end":{"line":4,"column":60}},"2":{"start":{"line":10,"column":4},"end":{"line":22,"column":5}},"3":{"start":{"line":11,"column":38},"end":{"line":11,"column":46}},"4":{"start":{"line":13,"column":19},"end":{"line":16,"column":8}},"5":{"start":{"line":18,"column":6},"end":{"line":18,"column":33}},"6":{"start":{"line":20,"column":6},"end":{"line":20,"column":27}},"7":{"start":{"line":21,"column":6},"end":{"line":21,"column":66}},"8":{"start":{"line":27,"column":4},"end":{"line":38,"column":5}},"9":{"start":{"line":28,"column":21},"end":{"line":28,"column":31}},"10":{"start":{"line":29,"column":19},"end":{"line":29,"column":62}},"11":{"start":{"line":31,"column":6},"end":{"line":33,"column":7}},"12":{"start":{"line":32,"column":8},"end":{"line":32,"column":71}},"13":{"start":{"line":34,"column":6},"end":{"line":34,"column":21}},"14":{"start":{"line":36,"column":6},"end":{"line":36,"column":27}},"15":{"start":{"line":37,"column":6},"end":{"line":37,"column":68}},"16":{"start":{"line":43,"column":4},"end":{"line":56,"column":5}},"17":{"start":{"line":44,"column":21},"end":{"line":44,"column":31}},"18":{"start":{"line":46,"column":26},"end":{"line":46,"column":77}},"19":{"start":{"line":48,"column":6},"end":{"line":50,"column":7}},"20":{"start":{"line":49,"column":8},"end":{"line":49,"column":71}},"21":{"start":{"line":52,"column":6},"end":{"line":52,"column":28}},"22":{"start":{"line":54,"column":6},"end":{"line":54,"column":27}},"23":{"start":{"line":55,"column":6},"end":{"line":55,"column":71}},"24":{"start":{"line":61,"column":4},"end":{"line":73,"column":5}},"25":{"start":{"line":62,"column":21},"end":{"line":62,"column":31}},"26":{"start":{"line":63,"column":24},"end":{"line":63,"column":65}},"27":{"start":{"line":65,"column":6},"end":{"line":67,"column":7}},"28":{"start":{"line":66,"column":9},"end":{"line":66,"column":72}},"29":{"start":{"line":69,"column":6},"end":{"line":69,"column":56}},"30":{"start":{"line":71,"column":6},"end":{"line":71,"column":27}},"31":{"start":{"line":72,"column":6},"end":{"line":72,"column":69}},"32":{"start":{"line":6,"column":0},"end":{"line":6,"column":13}}},"fnMap":{"0":{"name":"(anonymous_0)","decl":{"start":{"line":9,"column":2},"end":{"line":9,"column":8}},"loc":{"start":{"line":9,"column":53},"end":{"line":23,"column":3}}},"1":{"name":"(anonymous_1)","decl":{"start":{"line":26,"column":2},"end":{"line":26,"column":8}},"loc":{"start":{"line":26,"column":50},"end":{"line":39,"column":3}}},"2":{"name":"(anonymous_2)","decl":{"start":{"line":42,"column":2},"end":{"line":42,"column":8}},"loc":{"start":{"line":42,"column":53},"end":{"line":57,"column":3}}},"3":{"name":"(anonymous_3)","decl":{"start":{"line":60,"column":2},"end":{"line":60,"column":8}},"loc":{"start":{"line":60,"column":53},"end":{"line":74,"column":3}}}},"branchMap":{"0":{"loc":{"start":{"line":31,"column":6},"end":{"line":33,"column":7}},"type":"if","locations":[{"start":{"line":31,"column":6},"end":{"line":33,"column":7}},{"start":{},"end":{}}]},"1":{"loc":{"start":{"line":48,"column":6},"end":{"line":50,"column":7}},"type":"if","locations":[{"start":{"line":48,"column":6},"end":{"line":50,"column":7}},{"start":{},"end":{}}]},"2":{"loc":{"start":{"line":65,"column":6},"end":{"line":67,"column":7}},"type":"if","locations":[{"start":{"line":65,"column":6},"end":{"line":67,"column":7}},{"start":{},"end":{}}]}},"s":{"0":1,"1":1,"2":5,"3":5,"4":5,"5":3,"6":2,"7":2,"8":3,"9":3,"10":3,"11":2,"12":1,"13":1,"14":1,"15":1,"16":4,"17":4,"18":4,"19":2,"20":1,"21":1,"22":2,"23":2,"24":3,"25":3,"26":3,"27":2,"28":1,"29":1,"30":1,"31":1,"32":1},"f":{"0":5,"1":3,"2":4,"3":3},"b":{"0":[1,1],"1":[1,1],"2":[1,1]}}
,"C:\\Users\\50662\\Documents\\GitHub\\Reserva-Inteligente-de-Restaurantes\\Tarea_1\\backend\\src\\controller\\OrderController.ts": {"path":"C:\\Users\\50662\\Documents\\GitHub\\Reserva-Inteligente-de-Restaurantes\\Tarea_1\\backend\\src\\controller\\OrderController.ts","statementMap":{"0":{"start":{"line":2,"column":0},"end":{"line":2,"column":68}},"1":{"start":{"line":4,"column":24},"end":{"line":4,"column":62}},"2":{"start":{"line":10,"column":4},"end":{"line":23,"column":5}},"3":{"start":{"line":11,"column":49},"end":{"line":11,"column":57}},"4":{"start":{"line":13,"column":20},"end":{"line":17,"column":8}},"5":{"start":{"line":19,"column":6},"end":{"line":19,"column":34}},"6":{"start":{"line":21,"column":6},"end":{"line":21,"column":27}},"7":{"start":{"line":22,"column":6},"end":{"line":22,"column":71}},"8":{"start":{"line":28,"column":4},"end":{"line":40,"column":5}},"9":{"start":{"line":29,"column":21},"end":{"line":29,"column":31}},"10":{"start":{"line":30,"column":20},"end":{"line":30,"column":64}},"11":{"start":{"line":32,"column":6},"end":{"line":34,"column":7}},"12":{"start":{"line":33,"column":8},"end":{"line":33,"column":73}},"13":{"start":{"line":36,"column":6},"end":{"line":36,"column":22}},"14":{"start":{"line":38,"column":6},"end":{"line":38,"column":27}},"15":{"start":{"line":39,"column":6},"end":{"line":39,"column":70}},"16":{"start":{"line":6,"column":0},"end":{"line":6,"column":13}}},"fnMap":{"0":{"name":"(anonymous_0)","decl":{"start":{"line":9,"column":2},"end":{"line":9,"column":8}},"loc":{"start":{"line":9,"column":54},"end":{"line":24,"column":3}}},"1":{"name":"(anonymous_1)","decl":{"start":{"line":27,"column":2},"end":{"line":27,"column":8}},"loc":{"start":{"line":27,"column":51},"end":{"line":41,"column":3}}}},"branchMap":{"0":{"loc":{"start":{"line":32,"column":6},"end":{"line":34,"column":7}},"type":"if","locations":[{"start":{"line":32,"column":6},"end":{"line":34,"column":7}},{"start":{},"end":{}}]}},"s":{"0":1,"1":1,"2":9,"3":9,"4":9,"5":6,"6":3,"7":3,"8":3,"9":3,"10":3,"11":2,"12":1,"13":1,"14":1,"15":1,"16":1},"f":{"0":9,"1":3},"b":{"0":[1,1]}}
,"C:\\Users\\50662\\Documents\\GitHub\\Reserva-Inteligente-de-Restaurantes\\Tarea_1\\backend\\src\\controller\\ReservationController.ts": {"path":"C:\\Users\\50662\\Documents\\GitHub\\Reserva-Inteligente-de-Restaurantes\\Tarea_1\\backend\\src\\controller\\ReservationController.ts","statementMap":{"0":{"start":{"line":2,"column":0},"end":{"line":2,"column":68}},"1":{"start":{"line":4,"column":30},"end":{"line":4,"column":74}},"2":{"start":{"line":10,"column":4},"end":{"line":25,"column":5}},"3":{"start":{"line":11,"column":91},"end":{"line":11,"column":99}},"4":{"start":{"line":13,"column":26},"end":{"line":19,"column":8}},"5":{"start":{"line":21,"column":6},"end":{"line":21,"column":40}},"6":{"start":{"line":23,"column":6},"end":{"line":23,"column":27}},"7":{"start":{"line":24,"column":6},"end":{"line":24,"column":69}},"8":{"start":{"line":30,"column":4},"end":{"line":42,"column":5}},"9":{"start":{"line":31,"column":21},"end":{"line":31,"column":31}},"10":{"start":{"line":32,"column":24},"end":{"line":32,"column":72}},"11":{"start":{"line":34,"column":6},"end":{"line":36,"column":7}},"12":{"start":{"line":35,"column":9},"end":{"line":35,"column":75}},"13":{"start":{"line":38,"column":6},"end":{"line":38,"column":59}},"14":{"start":{"line":40,"column":6},"end":{"line":40,"column":27}},"15":{"start":{"line":41,"column":6},"end":{"line":41,"column":72}},"16":{"start":{"line":6,"column":0},"end":{"line":6,"column":13}}},"fnMap":{"0":{"name":"(anonymous_0)","decl":{"start":{"line":9,"column":2},"end":{"line":9,"column":8}},"loc":{"start":{"line":9,"column":60},"end":{"line":26,"column":3}}},"1":{"name":"(anonymous_1)","decl":{"start":{"line":29,"column":2},"end":{"line":29,"column":8}},"loc":{"start":{"line":29,"column":60},"end":{"line":43,"column":3}}}},"branchMap":{"0":{"loc":{"start":{"line":34,"column":6},"end":{"line":36,"column":7}},"type":"if","locations":[{"start":{"line":34,"column":6},"end":{"line":36,"column":7}},{"start":{},"end":{}}]}},"s":{"0":1,"1":1,"2":9,"3":9,"4":9,"5":6,"6":3,"7":3,"8":3,"9":3,"10":3,"11":2,"12":1,"13":1,"14":1,"15":1,"16":1},"f":{"0":9,"1":3},"b":{"0":[1,1]}}
,"C:\\Users\\50662\\Documents\\GitHub\\Reserva-Inteligente-de-Restaurantes\\Tarea_1\\backend\\src\\controller\\RestaurantController.ts": {"path":"C:\\Users\\50662\\Documents\\GitHub\\Reserva-Inteligente-de-Restaurantes\\Tarea_1\\backend\\src\\controller\\RestaurantController.ts","statementMap":{"0":{"start":{"line":2,"column":0},"end":{"line":2,"column":68}},"1":{"start":{"line":4,"column":29},"end":{"line":4,"column":72}},"2":{"start":{"line":10,"column":4},"end":{"line":16,"column":5}},"3":{"start":{"line":11,"column":26},"end":{"line":11,"column":62}},"4":{"start":{"line":12,"column":6},"end":{"line":12,"column":28}},"5":{"start":{"line":14,"column":6},"end":{"line":14,"column":27}},"6":{"start":{"line":15,"column":6},"end":{"line":15,"column":73}},"7":{"start":{"line":21,"column":4},"end":{"line":34,"column":5}},"8":{"start":{"line":22,"column":46},"end":{"line":22,"column":54}},"9":{"start":{"line":24,"column":25},"end":{"line":28,"column":8}},"10":{"start":{"line":30,"column":6},"end":{"line":30,"column":39}},"11":{"start":{"line":32,"column":6},"end":{"line":32,"column":27}},"12":{"start":{"line":33,"column":6},"end":{"line":33,"column":73}},"13":{"start":{"line":6,"column":0},"end":{"line":6,"column":13}}},"fnMap":{"0":{"name":"(anonymous_0)","decl":{"start":{"line":9,"column":2},"end":{"line":9,"column":8}},"loc":{"start":{"line":9,"column":57},"end":{"line":17,"column":3}}},"1":{"name":"(anonymous_1)","decl":{"start":{"line":20,"column":2},"end":{"line":20,"column":8}},"loc":{"start":{"line":20,"column":59},"end":{"line":35,"column":3}}}},"branchMap":{},"s":{"0":1,"1":1,"2":3,"3":3,"4":2,"5":1,"6":1,"7":9,"8":9,"9":9,"10":6,"11":3,"12":3,"13":1},"f":{"0":3,"1":9},"b":{}}
,"C:\\Users\\50662\\Documents\\GitHub\\Reserva-Inteligente-de-Restaurantes\\Tarea_1\\backend\\src\\controller\\UserController.ts": {"path":"C:\\Users\\50662\\Documents\\GitHub\\Reserva-Inteligente-de-Restaurantes\\Tarea_1\\backend\\src\\controller\\UserController.ts","statementMap":{"0":{"start":{"line":3,"column":0},"end":{"line":3,"column":68}},"1":{"start":{"line":5,"column":23},"end":{"line":5,"column":60}},"2":{"start":{"line":11,"column":4},"end":{"line":32,"column":5}},"3":{"start":{"line":13,"column":21},"end":{"line":13,"column":38}},"4":{"start":{"line":14,"column":6},"end":{"line":16,"column":7}},"5":{"start":{"line":15,"column":8},"end":{"line":15,"column":66}},"6":{"start":{"line":19,"column":25},"end":{"line":19,"column":61}},"7":{"start":{"line":22,"column":19},"end":{"line":22,"column":68}},"8":{"start":{"line":24,"column":6},"end":{"line":26,"column":7}},"9":{"start":{"line":25,"column":8},"end":{"line":25,"column":100}},"10":{"start":{"line":28,"column":6},"end":{"line":28,"column":21}},"11":{"start":{"line":30,"column":6},"end":{"line":30,"column":27}},"12":{"start":{"line":31,"column":6},"end":{"line":31,"column":71}},"13":{"start":{"line":37,"column":4},"end":{"line":50,"column":5}},"14":{"start":{"line":38,"column":21},"end":{"line":38,"column":31}},"15":{"start":{"line":39,"column":27},"end":{"line":39,"column":35}},"16":{"start":{"line":41,"column":19},"end":{"line":41,"column":74}},"17":{"start":{"line":42,"column":6},"end":{"line":44,"column":7}},"18":{"start":{"line":43,"column":8},"end":{"line":43,"column":74}},"19":{"start":{"line":46,"column":6},"end":{"line":46,"column":21}},"20":{"start":{"line":48,"column":6},"end":{"line":48,"column":27}},"21":{"start":{"line":49,"column":6},"end":{"line":49,"column":74}},"22":{"start":{"line":55,"column":4},"end":{"line":67,"column":5}},"23":{"start":{"line":56,"column":21},"end":{"line":56,"column":31}},"24":{"start":{"line":57,"column":24},"end":{"line":57,"column":65}},"25":{"start":{"line":59,"column":6},"end":{"line":61,"column":7}},"26":{"start":{"line":60,"column":9},"end":{"line":60,"column":75}},"27":{"start":{"line":63,"column":6},"end":{"line":63,"column":59}},"28":{"start":{"line":65,"column":6},"end":{"line":65,"column":27}},"29":{"start":{"line":66,"column":6},"end":{"line":66,"column":72}},"30":{"start":{"line":7,"column":0},"end":{"line":7,"column":13}}},"fnMap":{"0":{"name":"(anonymous_0)","decl":{"start":{"line":10,"column":2},"end":{"line":10,"column":8}},"loc":{"start":{"line":10,"column":48},"end":{"line":33,"column":3}}},"1":{"name":"(anonymous_1)","decl":{"start":{"line":36,"column":2},"end":{"line":36,"column":8}},"loc":{"start":{"line":36,"column":53},"end":{"line":51,"column":3}}},"2":{"name":"(anonymous_2)","decl":{"start":{"line":54,"column":2},"end":{"line":54,"column":8}},"loc":{"start":{"line":54,"column":53},"end":{"line":68,"column":3}}}},"branchMap":{"0":{"loc":{"start":{"line":14,"column":6},"end":{"line":16,"column":7}},"type":"if","locations":[{"start":{"line":14,"column":6},"end":{"line":16,"column":7}},{"start":{},"end":{}}]},"1":{"loc":{"start":{"line":14,"column":10},"end":{"line":14,"column":32}},"type":"binary-expr","locations":[{"start":{"line":14,"column":10},"end":{"line":14,"column":16}},{"start":{"line":14,"column":20},"end":{"line":14,"column":32}}]},"2":{"loc":{"start":{"line":24,"column":6},"end":{"line":26,"column":7}},"type":"if","locations":[{"start":{"line":24,"column":6},"end":{"line":26,"column":7}},{"start":{},"end":{}}]},"3":{"loc":{"start":{"line":42,"column":6},"end":{"line":44,"column":7}},"type":"if","locations":[{"start":{"line":42,"column":6},"end":{"line":44,"column":7}},{"start":{},"end":{}}]},"4":{"loc":{"start":{"line":59,"column":6},"end":{"line":61,"column":7}},"type":"if","locations":[{"start":{"line":59,"column":6},"end":{"line":61,"column":7}},{"start":{},"end":{}}]}},"s":{"0":1,"1":1,"2":5,"3":5,"4":5,"5":2,"6":3,"7":3,"8":2,"9":1,"10":1,"11":1,"12":1,"13":4,"14":4,"15":4,"16":4,"17":2,"18":1,"19":1,"20":2,"21":2,"22":3,"23":3,"24":3,"25":2,"26":1,"27":1,"28":1,"29":1,"30":1},"f":{"0":5,"1":4,"2":3},"b":{"0":[2,3],"1":[5,4],"2":[1,1],"3":[1,1],"4":[1,1]}}
,"C:\\Users\\50662\\Documents\\GitHub\\Reserva-Inteligente-de-Restaurantes\\Tarea_1\\backend\\src\\repository\\RepositoryFactory.ts": {"path":"C:\\Users\\50662\\Documents\\GitHub\\Reserva-Inteligente-de-Restaurantes\\Tarea_1\\backend\\src\\repository\\RepositoryFactory.ts","statementMap":{"0":{"start":{"line":2,"column":0},"end":{"line":2,"column":87}},"1":{"start":{"line":4,"column":0},"end":{"line":4,"column":75}},"2":{"start":{"line":6,"column":0},"end":{"line":6,"column":75}},"3":{"start":{"line":8,"column":0},"end":{"line":8,"column":75}},"4":{"start":{"line":10,"column":0},"end":{"line":10,"column":77}},"5":{"start":{"line":12,"column":0},"end":{"line":12,"column":89}},"6":{"start":{"line":18,"column":19},"end":{"line":18,"column":52}},"7":{"start":{"line":20,"column":4},"end":{"line":22,"column":5}},"8":{"start":{"line":21,"column":6},"end":{"line":21,"column":48}},"9":{"start":{"line":28,"column":4},"end":{"line":28,"column":65}},"10":{"start":{"line":32,"column":19},"end":{"line":32,"column":52}},"11":{"start":{"line":34,"column":4},"end":{"line":36,"column":5}},"12":{"start":{"line":35,"column":6},"end":{"line":35,"column":42}},"13":{"start":{"line":38,"column":4},"end":{"line":38,"column":65}},"14":{"start":{"line":42,"column":19},"end":{"line":42,"column":52}},"15":{"start":{"line":44,"column":4},"end":{"line":46,"column":5}},"16":{"start":{"line":45,"column":6},"end":{"line":45,"column":42}},"17":{"start":{"line":48,"column":4},"end":{"line":48,"column":65}},"18":{"start":{"line":52,"column":19},"end":{"line":52,"column":52}},"19":{"start":{"line":54,"column":4},"end":{"line":56,"column":5}},"20":{"start":{"line":55,"column":6},"end":{"line":55,"column":42}},"21":{"start":{"line":58,"column":4},"end":{"line":58,"column":65}},"22":{"start":{"line":62,"column":19},"end":{"line":62,"column":52}},"23":{"start":{"line":64,"column":4},"end":{"line":66,"column":5}},"24":{"start":{"line":65,"column":6},"end":{"line":65,"column":43}},"25":{"start":{"line":68,"column":4},"end":{"line":68,"column":65}},"26":{"start":{"line":72,"column":19},"end":{"line":72,"column":52}},"27":{"start":{"line":74,"column":4},"end":{"line":76,"column":5}},"28":{"start":{"line":75,"column":6},"end":{"line":75,"column":49}},"29":{"start":{"line":78,"column":4},"end":{"line":78,"column":65}},"30":{"start":{"line":14,"column":0},"end":{"line":14,"column":13}}},"fnMap":{"0":{"name":"(anonymous_0)","decl":{"start":{"line":17,"column":2},"end":{"line":17,"column":8}},"loc":{"start":{"line":17,"column":32},"end":{"line":29,"column":3}}},"1":{"name":"(anonymous_1)","decl":{"start":{"line":31,"column":2},"end":{"line":31,"column":8}},"loc":{"start":{"line":31,"column":26},"end":{"line":39,"column":3}}},"2":{"name":"(anonymous_2)","decl":{"start":{"line":41,"column":2},"end":{"line":41,"column":8}},"loc":{"start":{"line":41,"column":26},"end":{"line":49,"column":3}}},"3":{"name":"(anonymous_3)","decl":{"start":{"line":51,"column":2},"end":{"line":51,"column":8}},"loc":{"start":{"line":51,"column":26},"end":{"line":59,"column":3}}},"4":{"name":"(anonymous_4)","decl":{"start":{"line":61,"column":2},"end":{"line":61,"column":8}},"loc":{"start":{"line":61,"column":27},"end":{"line":69,"column":3}}},"5":{"name":"(anonymous_5)","decl":{"start":{"line":71,"column":2},"end":{"line":71,"column":8}},"loc":{"start":{"line":71,"column":33},"end":{"line":79,"column":3}}}},"branchMap":{"0":{"loc":{"start":{"line":18,"column":19},"end":{"line":18,"column":52}},"type":"binary-expr","locations":[{"start":{"line":18,"column":19},"end":{"line":18,"column":38}},{"start":{"line":18,"column":42},"end":{"line":18,"column":52}}]},"1":{"loc":{"start":{"line":20,"column":4},"end":{"line":22,"column":5}},"type":"if","locations":[{"start":{"line":20,"column":4},"end":{"line":22,"column":5}},{"start":{},"end":{}}]},"2":{"loc":{"start":{"line":32,"column":19},"end":{"line":32,"column":52}},"type":"binary-expr","locations":[{"start":{"line":32,"column":19},"end":{"line":32,"column":38}},{"start":{"line":32,"column":42},"end":{"line":32,"column":52}}]},"3":{"loc":{"start":{"line":34,"column":4},"end":{"line":36,"column":5}},"type":"if","locations":[{"start":{"line":34,"column":4},"end":{"line":36,"column":5}},{"start":{},"end":{}}]},"4":{"loc":{"start":{"line":42,"column":19},"end":{"line":42,"column":52}},"type":"binary-expr","locations":[{"start":{"line":42,"column":19},"end":{"line":42,"column":38}},{"start":{"line":42,"column":42},"end":{"line":42,"column":52}}]},"5":{"loc":{"start":{"line":44,"column":4},"end":{"line":46,"column":5}},"type":"if","locations":[{"start":{"line":44,"column":4},"end":{"line":46,"column":5}},{"start":{},"end":{}}]},"6":{"loc":{"start":{"line":52,"column":19},"end":{"line":52,"column":52}},"type":"binary-expr","locations":[{"start":{"line":52,"column":19},"end":{"line":52,"column":38}},{"start":{"line":52,"column":42},"end":{"line":52,"column":52}}]},"7":{"loc":{"start":{"line":54,"column":4},"end":{"line":56,"column":5}},"type":"if","locations":[{"start":{"line":54,"column":4},"end":{"line":56,"column":5}},{"start":{},"end":{}}]},"8":{"loc":{"start":{"line":62,"column":19},"end":{"line":62,"column":52}},"type":"binary-expr","locations":[{"start":{"line":62,"column":19},"end":{"line":62,"column":38}},{"start":{"line":62,"column":42},"end":{"line":62,"column":52}}]},"9":{"loc":{"start":{"line":64,"column":4},"end":{"line":66,"column":5}},"type":"if","locations":[{"start":{"line":64,"column":4},"end":{"line":66,"column":5}},{"start":{},"end":{}}]},"10":{"loc":{"start":{"line":72,"column":19},"end":{"line":72,"column":52}},"type":"binary-expr","locations":[{"start":{"line":72,"column":19},"end":{"line":72,"column":38}},{"start":{"line":72,"column":42},"end":{"line":72,"column":52}}]},"11":{"loc":{"start":{"line":74,"column":4},"end":{"line":76,"column":5}},"type":"if","locations":[{"start":{"line":74,"column":4},"end":{"line":76,"column":5}},{"start":{},"end":{}}]}},"s":{"0":6,"1":6,"2":6,"3":6,"4":6,"5":6,"6":1,"7":1,"8":1,"9":0,"10":2,"11":2,"12":2,"13":0,"14":1,"15":1,"16":1,"17":0,"18":1,"19":1,"20":1,"21":0,"22":1,"23":1,"24":1,"25":0,"26":1,"27":1,"28":1,"29":0,"30":6},"f":{"0":1,"1":2,"2":1,"3":1,"4":1,"5":1},"b":{"0":[1,1],"1":[1,0],"2":[2,2],"3":[2,0],"4":[1,1],"5":[1,0],"6":[1,1],"7":[1,0],"8":[1,1],"9":[1,0],"10":[1,1],"11":[1,0]}}
,"C:\\Users\\50662\\Documents\\GitHub\\Reserva-Inteligente-de-Restaurantes\\Tarea_1\\backend\\src\\repository\\postgres\\PostgresMenuRepository.ts": {"path":"C:\\Users\\50662\\Documents\\GitHub\\Reserva-Inteligente-de-Restaurantes\\Tarea_1\\backend\\src\\repository\\postgres\\PostgresMenuRepository.ts","statementMap":{"0":{"start":{"line":1,"column":0},"end":{"line":1,"column":59}},"1":{"start":{"line":2,"column":0},"end":{"line":2,"column":40}},"2":{"start":{"line":3,"column":0},"end":{"line":3,"column":52}},"3":{"start":{"line":7,"column":10},"end":{"line":7,"column":57}},"4":{"start":{"line":10,"column":4},"end":{"line":13,"column":7}},"5":{"start":{"line":17,"column":17},"end":{"line":17,"column":27}},"6":{"start":{"line":18,"column":4},"end":{"line":18,"column":41}},"7":{"start":{"line":18,"column":19},"end":{"line":18,"column":41}},"8":{"start":{"line":20,"column":4},"end":{"line":24,"column":5}},"9":{"start":{"line":21,"column":29},"end":{"line":21,"column":68}},"10":{"start":{"line":22,"column":25},"end":{"line":22,"column":83}},"11":{"start":{"line":23,"column":6},"end":{"line":23,"column":51}},"12":{"start":{"line":23,"column":22},"end":{"line":23,"column":51}},"13":{"start":{"line":26,"column":4},"end":{"line":26,"column":44}},"14":{"start":{"line":32,"column":17},"end":{"line":32,"column":56}},"15":{"start":{"line":33,"column":4},"end":{"line":33,"column":27}},"16":{"start":{"line":33,"column":15},"end":{"line":33,"column":27}},"17":{"start":{"line":35,"column":4},"end":{"line":35,"column":38}},"18":{"start":{"line":36,"column":4},"end":{"line":36,"column":44}},"19":{"start":{"line":40,"column":20},"end":{"line":40,"column":52}},"20":{"start":{"line":41,"column":4},"end":{"line":41,"column":62}},"21":{"start":{"line":6,"column":0},"end":{"line":6,"column":13}}},"fnMap":{"0":{"name":"(anonymous_0)","decl":{"start":{"line":6,"column":0},"end":{"line":6,"column":13}},"loc":{"start":{"line":6,"column":0},"end":{"line":43,"column":1}}},"1":{"name":"(anonymous_1)","decl":{"start":{"line":9,"column":2},"end":{"line":9,"column":7}},"loc":{"start":{"line":9,"column":27},"end":{"line":14,"column":3}}},"2":{"name":"(anonymous_2)","decl":{"start":{"line":16,"column":2},"end":{"line":16,"column":7}},"loc":{"start":{"line":16,"column":63},"end":{"line":27,"column":3}}},"3":{"name":"(anonymous_3)","decl":{"start":{"line":29,"column":2},"end":{"line":29,"column":7}},"loc":{"start":{"line":29,"column":46},"end":{"line":37,"column":3}}},"4":{"name":"(anonymous_4)","decl":{"start":{"line":39,"column":2},"end":{"line":39,"column":7}},"loc":{"start":{"line":39,"column":25},"end":{"line":42,"column":3}}}},"branchMap":{"0":{"loc":{"start":{"line":18,"column":4},"end":{"line":18,"column":41}},"type":"if","locations":[{"start":{"line":18,"column":4},"end":{"line":18,"column":41}},{"start":{},"end":{}}]},"1":{"loc":{"start":{"line":20,"column":4},"end":{"line":24,"column":5}},"type":"if","locations":[{"start":{"line":20,"column":4},"end":{"line":24,"column":5}},{"start":{},"end":{}}]},"2":{"loc":{"start":{"line":23,"column":6},"end":{"line":23,"column":51}},"type":"if","locations":[{"start":{"line":23,"column":6},"end":{"line":23,"column":51}},{"start":{},"end":{}}]},"3":{"loc":{"start":{"line":33,"column":4},"end":{"line":33,"column":27}},"type":"if","locations":[{"start":{"line":33,"column":4},"end":{"line":33,"column":27}},{"start":{},"end":{}}]},"4":{"loc":{"start":{"line":41,"column":11},"end":{"line":41,"column":61}},"type":"binary-expr","locations":[{"start":{"line":41,"column":11},"end":{"line":41,"column":36}},{"start":{"line":41,"column":40},"end":{"line":41,"column":61}}]}},"s":{"0":6,"1":6,"2":6,"3":1,"4":3,"5":5,"6":5,"7":5,"8":5,"9":3,"10":3,"11":2,"12":1,"13":4,"14":4,"15":3,"16":1,"17":2,"18":2,"19":3,"20":2,"21":6},"f":{"0":1,"1":3,"2":5,"3":4,"4":3},"b":{"0":[5,0],"1":[3,2],"2":[1,1],"3":[1,2],"4":[2,2]}}
,"C:\\Users\\50662\\Documents\\GitHub\\Reserva-Inteligente-de-Restaurantes\\Tarea_1\\backend\\src\\repository\\postgres\\PostgresOrderRepository.ts": {"path":"C:\\Users\\50662\\Documents\\GitHub\\Reserva-Inteligente-de-Restaurantes\\Tarea_1\\backend\\src\\repository\\postgres\\PostgresOrderRepository.ts","statementMap":{"0":{"start":{"line":1,"column":0},"end":{"line":1,"column":59}},"1":{"start":{"line":2,"column":0},"end":{"line":2,"column":42}},"2":{"start":{"line":3,"column":0},"end":{"line":3,"column":40}},"3":{"start":{"line":4,"column":0},"end":{"line":4,"column":52}},"4":{"start":{"line":8,"column":10},"end":{"line":8,"column":58}},"5":{"start":{"line":11,"column":4},"end":{"line":14,"column":7}},"6":{"start":{"line":18,"column":18},"end":{"line":18,"column":29}},"7":{"start":{"line":19,"column":4},"end":{"line":19,"column":40}},"8":{"start":{"line":20,"column":4},"end":{"line":20,"column":34}},"9":{"start":{"line":22,"column":4},"end":{"line":26,"column":5}},"10":{"start":{"line":23,"column":23},"end":{"line":23,"column":56}},"11":{"start":{"line":24,"column":19},"end":{"line":24,"column":65}},"12":{"start":{"line":25,"column":6},"end":{"line":25,"column":34}},"13":{"start":{"line":25,"column":16},"end":{"line":25,"column":34}},"14":{"start":{"line":28,"column":4},"end":{"line":32,"column":5}},"15":{"start":{"line":29,"column":29},"end":{"line":29,"column":68}},"16":{"start":{"line":30,"column":25},"end":{"line":30,"column":83}},"17":{"start":{"line":31,"column":6},"end":{"line":31,"column":52}},"18":{"start":{"line":31,"column":22},"end":{"line":31,"column":52}},"19":{"start":{"line":34,"column":4},"end":{"line":34,"column":45}},"20":{"start":{"line":7,"column":0},"end":{"line":7,"column":13}}},"fnMap":{"0":{"name":"(anonymous_0)","decl":{"start":{"line":7,"column":0},"end":{"line":7,"column":13}},"loc":{"start":{"line":7,"column":0},"end":{"line":36,"column":1}}},"1":{"name":"(anonymous_1)","decl":{"start":{"line":10,"column":2},"end":{"line":10,"column":7}},"loc":{"start":{"line":10,"column":27},"end":{"line":15,"column":3}}},"2":{"name":"(anonymous_2)","decl":{"start":{"line":17,"column":2},"end":{"line":17,"column":7}},"loc":{"start":{"line":17,"column":82},"end":{"line":35,"column":3}}}},"branchMap":{"0":{"loc":{"start":{"line":19,"column":19},"end":{"line":19,"column":39}},"type":"binary-expr","locations":[{"start":{"line":19,"column":19},"end":{"line":19,"column":30}},{"start":{"line":19,"column":34},"end":{"line":19,"column":39}}]},"1":{"loc":{"start":{"line":22,"column":4},"end":{"line":26,"column":5}},"type":"if","locations":[{"start":{"line":22,"column":4},"end":{"line":26,"column":5}},{"start":{},"end":{}}]},"2":{"loc":{"start":{"line":25,"column":6},"end":{"line":25,"column":34}},"type":"if","locations":[{"start":{"line":25,"column":6},"end":{"line":25,"column":34}},{"start":{},"end":{}}]},"3":{"loc":{"start":{"line":28,"column":4},"end":{"line":32,"column":5}},"type":"if","locations":[{"start":{"line":28,"column":4},"end":{"line":32,"column":5}},{"start":{},"end":{}}]},"4":{"loc":{"start":{"line":31,"column":6},"end":{"line":31,"column":52}},"type":"if","locations":[{"start":{"line":31,"column":6},"end":{"line":31,"column":52}},{"start":{},"end":{}}]}},"s":{"0":6,"1":6,"2":6,"3":6,"4":1,"5":3,"6":9,"7":9,"8":9,"9":9,"10":4,"11":4,"12":3,"13":2,"14":8,"15":4,"16":4,"17":3,"18":2,"19":7,"20":6},"f":{"0":1,"1":3,"2":9},"b":{"0":[9,6],"1":[4,5],"2":[2,1],"3":[4,4],"4":[2,1]}}
,"C:\\Users\\50662\\Documents\\GitHub\\Reserva-Inteligente-de-Restaurantes\\Tarea_1\\backend\\src\\repository\\postgres\\PostgresReservationRepository.ts": {"path":"C:\\Users\\50662\\Documents\\GitHub\\Reserva-Inteligente-de-Restaurantes\\Tarea_1\\backend\\src\\repository\\postgres\\PostgresReservationRepository.ts","statementMap":{"0":{"start":{"line":1,"column":0},"end":{"line":1,"column":59}},"1":{"start":{"line":2,"column":0},"end":{"line":2,"column":54}},"2":{"start":{"line":3,"column":0},"end":{"line":3,"column":40}},"3":{"start":{"line":4,"column":0},"end":{"line":4,"column":52}},"4":{"start":{"line":8,"column":10},"end":{"line":8,"column":64}},"5":{"start":{"line":11,"column":24},"end":{"line":11,"column":41}},"6":{"start":{"line":12,"column":4},"end":{"line":12,"column":94}},"7":{"start":{"line":12,"column":31},"end":{"line":12,"column":94}},"8":{"start":{"line":13,"column":4},"end":{"line":13,"column":84}},"9":{"start":{"line":13,"column":31},"end":{"line":13,"column":84}},"10":{"start":{"line":14,"column":4},"end":{"line":14,"column":72}},"11":{"start":{"line":14,"column":27},"end":{"line":14,"column":72}},"12":{"start":{"line":16,"column":4},"end":{"line":20,"column":5}},"13":{"start":{"line":17,"column":23},"end":{"line":17,"column":56}},"14":{"start":{"line":18,"column":19},"end":{"line":18,"column":65}},"15":{"start":{"line":19,"column":6},"end":{"line":19,"column":40}},"16":{"start":{"line":19,"column":16},"end":{"line":19,"column":40}},"17":{"start":{"line":22,"column":4},"end":{"line":26,"column":5}},"18":{"start":{"line":23,"column":29},"end":{"line":23,"column":68}},"19":{"start":{"line":24,"column":25},"end":{"line":24,"column":83}},"20":{"start":{"line":25,"column":6},"end":{"line":25,"column":58}},"21":{"start":{"line":25,"column":22},"end":{"line":25,"column":58}},"22":{"start":{"line":28,"column":4},"end":{"line":28,"column":51}},"23":{"start":{"line":32,"column":20},"end":{"line":32,"column":52}},"24":{"start":{"line":33,"column":4},"end":{"line":33,"column":62}},"25":{"start":{"line":7,"column":0},"end":{"line":7,"column":13}}},"fnMap":{"0":{"name":"(anonymous_0)","decl":{"start":{"line":7,"column":0},"end":{"line":7,"column":13}},"loc":{"start":{"line":7,"column":0},"end":{"line":35,"column":1}}},"1":{"name":"(anonymous_1)","decl":{"start":{"line":10,"column":2},"end":{"line":10,"column":7}},"loc":{"start":{"line":10,"column":88},"end":{"line":29,"column":3}}},"2":{"name":"(anonymous_2)","decl":{"start":{"line":31,"column":2},"end":{"line":31,"column":7}},"loc":{"start":{"line":31,"column":25},"end":{"line":34,"column":3}}}},"branchMap":{"0":{"loc":{"start":{"line":12,"column":4},"end":{"line":12,"column":94}},"type":"if","locations":[{"start":{"line":12,"column":4},"end":{"line":12,"column":94}},{"start":{},"end":{}}]},"1":{"loc":{"start":{"line":13,"column":4},"end":{"line":13,"column":84}},"type":"if","locations":[{"start":{"line":13,"column":4},"end":{"line":13,"column":84}},{"start":{},"end":{}}]},"2":{"loc":{"start":{"line":14,"column":4},"end":{"line":14,"column":72}},"type":"if","locations":[{"start":{"line":14,"column":4},"end":{"line":14,"column":72}},{"start":{},"end":{}}]},"3":{"loc":{"start":{"line":16,"column":4},"end":{"line":20,"column":5}},"type":"if","locations":[{"start":{"line":16,"column":4},"end":{"line":20,"column":5}},{"start":{},"end":{}}]},"4":{"loc":{"start":{"line":19,"column":6},"end":{"line":19,"column":40}},"type":"if","locations":[{"start":{"line":19,"column":6},"end":{"line":19,"column":40}},{"start":{},"end":{}}]},"5":{"loc":{"start":{"line":22,"column":4},"end":{"line":26,"column":5}},"type":"if","locations":[{"start":{"line":22,"column":4},"end":{"line":26,"column":5}},{"start":{},"end":{}}]},"6":{"loc":{"start":{"line":25,"column":6},"end":{"line":25,"column":58}},"type":"if","locations":[{"start":{"line":25,"column":6},"end":{"line":25,"column":58}},{"start":{},"end":{}}]},"7":{"loc":{"start":{"line":33,"column":11},"end":{"line":33,"column":61}},"type":"binary-expr","locations":[{"start":{"line":33,"column":11},"end":{"line":33,"column":36}},{"start":{"line":33,"column":40},"end":{"line":33,"column":61}}]}},"s":{"0":6,"1":6,"2":6,"3":6,"4":1,"5":9,"6":9,"7":9,"8":9,"9":9,"10":9,"11":9,"12":9,"13":4,"14":4,"15":3,"16":2,"17":8,"18":4,"19":4,"20":3,"21":2,"22":7,"23":3,"24":2,"25":6},"f":{"0":1,"1":9,"2":3},"b":{"0":[9,0],"1":[9,0],"2":[9,0],"3":[4,5],"4":[2,1],"5":[4,4],"6":[2,1],"7":[2,2]}}
,"C:\\Users\\50662\\Documents\\GitHub\\Reserva-Inteligente-de-Restaurantes\\Tarea_1\\backend\\src\\repository\\postgres\\PostgresRestaurantRepository.ts": {"path":"C:\\Users\\50662\\Documents\\GitHub\\Reserva-Inteligente-de-Restaurantes\\Tarea_1\\backend\\src\\repository\\postgres\\PostgresRestaurantRepository.ts","statementMap":{"0":{"start":{"line":1,"column":0},"end":{"line":1,"column":59}},"1":{"start":{"line":2,"column":0},"end":{"line":2,"column":52}},"2":{"start":{"line":3,"column":0},"end":{"line":3,"column":40}},"3":{"start":{"line":4,"column":0},"end":{"line":4,"column":48}},"4":{"start":{"line":8,"column":10},"end":{"line":8,"column":63}},"5":{"start":{"line":11,"column":4},"end":{"line":13,"column":7}},"6":{"start":{"line":17,"column":4},"end":{"line":20,"column":7}},"7":{"start":{"line":24,"column":23},"end":{"line":24,"column":39}},"8":{"start":{"line":26,"column":4},"end":{"line":26,"column":47}},"9":{"start":{"line":26,"column":19},"end":{"line":26,"column":47}},"10":{"start":{"line":29,"column":4},"end":{"line":29,"column":39}},"11":{"start":{"line":31,"column":4},"end":{"line":35,"column":5}},"12":{"start":{"line":32,"column":23},"end":{"line":32,"column":56}},"13":{"start":{"line":33,"column":20},"end":{"line":33,"column":67}},"14":{"start":{"line":34,"column":6},"end":{"line":34,"column":42}},"15":{"start":{"line":34,"column":17},"end":{"line":34,"column":42}},"16":{"start":{"line":37,"column":4},"end":{"line":41,"column":5}},"17":{"start":{"line":38,"column":27},"end":{"line":38,"column":64}},"18":{"start":{"line":39,"column":23},"end":{"line":39,"column":77}},"19":{"start":{"line":40,"column":6},"end":{"line":40,"column":51}},"20":{"start":{"line":40,"column":20},"end":{"line":40,"column":51}},"21":{"start":{"line":43,"column":4},"end":{"line":43,"column":50}},"22":{"start":{"line":47,"column":23},"end":{"line":47,"column":46}},"23":{"start":{"line":48,"column":4},"end":{"line":48,"column":33}},"24":{"start":{"line":48,"column":21},"end":{"line":48,"column":33}},"25":{"start":{"line":50,"column":4},"end":{"line":50,"column":36}},"26":{"start":{"line":51,"column":4},"end":{"line":51,"column":50}},"27":{"start":{"line":55,"column":19},"end":{"line":55,"column":51}},"28":{"start":{"line":56,"column":4},"end":{"line":56,"column":60}},"29":{"start":{"line":7,"column":0},"end":{"line":7,"column":13}}},"fnMap":{"0":{"name":"(anonymous_0)","decl":{"start":{"line":7,"column":0},"end":{"line":7,"column":13}},"loc":{"start":{"line":7,"column":0},"end":{"line":58,"column":1}}},"1":{"name":"(anonymous_1)","decl":{"start":{"line":10,"column":2},"end":{"line":10,"column":7}},"loc":{"start":{"line":10,"column":15},"end":{"line":14,"column":3}}},"2":{"name":"(anonymous_2)","decl":{"start":{"line":16,"column":2},"end":{"line":16,"column":7}},"loc":{"start":{"line":16,"column":27},"end":{"line":21,"column":3}}},"3":{"name":"(anonymous_3)","decl":{"start":{"line":23,"column":2},"end":{"line":23,"column":7}},"loc":{"start":{"line":23,"column":86},"end":{"line":44,"column":3}}},"4":{"name":"(anonymous_4)","decl":{"start":{"line":46,"column":2},"end":{"line":46,"column":7}},"loc":{"start":{"line":46,"column":52},"end":{"line":52,"column":3}}},"5":{"name":"(anonymous_5)","decl":{"start":{"line":54,"column":2},"end":{"line":54,"column":7}},"loc":{"start":{"line":54,"column":25},"end":{"line":57,"column":3}}}},"branchMap":{"0":{"loc":{"start":{"line":26,"column":4},"end":{"line":26,"column":47}},"type":"if","locations":[{"start":{"line":26,"column":4},"end":{"line":26,"column":47}},{"start":{},"end":{}}]},"1":{"loc":{"start":{"line":31,"column":4},"end":{"line":35,"column":5}},"type":"if","locations":[{"start":{"line":31,"column":4},"end":{"line":35,"column":5}},{"start":{},"end":{}}]},"2":{"loc":{"start":{"line":34,"column":6},"end":{"line":34,"column":42}},"type":"if","locations":[{"start":{"line":34,"column":6},"end":{"line":34,"column":42}},{"start":{},"end":{}}]},"3":{"loc":{"start":{"line":37,"column":4},"end":{"line":41,"column":5}},"type":"if","locations":[{"start":{"line":37,"column":4},"end":{"line":41,"column":5}},{"start":{},"end":{}}]},"4":{"loc":{"start":{"line":40,"column":6},"end":{"line":40,"column":51}},"type":"if","locations":[{"start":{"line":40,"column":6},"end":{"line":40,"column":51}},{"start":{},"end":{}}]},"5":{"loc":{"start":{"line":48,"column":4},"end":{"line":48,"column":33}},"type":"if","locations":[{"start":{"line":48,"column":4},"end":{"line":48,"column":33}},{"start":{},"end":{}}]},"6":{"loc":{"start":{"line":56,"column":11},"end":{"line":56,"column":59}},"type":"binary-expr","locations":[{"start":{"line":56,"column":11},"end":{"line":56,"column":35}},{"start":{"line":56,"column":39},"end":{"line":56,"column":59}}]}},"s":{"0":6,"1":6,"2":6,"3":6,"4":1,"5":3,"6":0,"7":9,"8":9,"9":9,"10":9,"11":9,"12":4,"13":4,"14":3,"15":2,"16":8,"17":4,"18":4,"19":3,"20":2,"21":7,"22":0,"23":0,"24":0,"25":0,"26":0,"27":0,"28":0,"29":6},"f":{"0":1,"1":3,"2":0,"3":9,"4":0,"5":0},"b":{"0":[9,0],"1":[4,5],"2":[2,1],"3":[4,4],"4":[2,1],"5":[0,0],"6":[0,0]}}
,"C:\\Users\\50662\\Documents\\GitHub\\Reserva-Inteligente-de-Restaurantes\\Tarea_1\\backend\\src\\repository\\postgres\\PostgresRoleRepository.ts": {"path":"C:\\Users\\50662\\Documents\\GitHub\\Reserva-Inteligente-de-Restaurantes\\Tarea_1\\backend\\src\\repository\\postgres\\PostgresRoleRepository.ts","statementMap":{"0":{"start":{"line":1,"column":0},"end":{"line":1,"column":59}},"1":{"start":{"line":2,"column":0},"end":{"line":2,"column":40}},"2":{"start":{"line":6,"column":10},"end":{"line":6,"column":57}},"3":{"start":{"line":9,"column":4},"end":{"line":9,"column":53}},"4":{"start":{"line":5,"column":0},"end":{"line":5,"column":13}}},"fnMap":{"0":{"name":"(anonymous_0)","decl":{"start":{"line":5,"column":0},"end":{"line":5,"column":13}},"loc":{"start":{"line":5,"column":0},"end":{"line":11,"column":1}}},"1":{"name":"(anonymous_1)","decl":{"start":{"line":8,"column":2},"end":{"line":8,"column":7}},"loc":{"start":{"line":8,"column":31},"end":{"line":10,"column":3}}}},"branchMap":{},"s":{"0":6,"1":6,"2":1,"3":8,"4":6},"f":{"0":1,"1":8},"b":{}}
,"C:\\Users\\50662\\Documents\\GitHub\\Reserva-Inteligente-de-Restaurantes\\Tarea_1\\backend\\src\\repository\\postgres\\PostgresUserRepository.ts": {"path":"C:\\Users\\50662\\Documents\\GitHub\\Reserva-Inteligente-de-Restaurantes\\Tarea_1\\backend\\src\\repository\\postgres\\PostgresUserRepository.ts","statementMap":{"0":{"start":{"line":1,"column":0},"end":{"line":1,"column":59}},"1":{"start":{"line":2,"column":0},"end":{"line":2,"column":40}},"2":{"start":{"line":6,"column":10},"end":{"line":6,"column":57}},"3":{"start":{"line":9,"column":4},"end":{"line":9,"column":72}},"4":{"start":{"line":13,"column":4},"end":{"line":13,"column":51}},"5":{"start":{"line":17,"column":17},"end":{"line":17,"column":45}},"6":{"start":{"line":18,"column":4},"end":{"line":18,"column":44}},"7":{"start":{"line":22,"column":17},"end":{"line":22,"column":40}},"8":{"start":{"line":23,"column":4},"end":{"line":23,"column":27}},"9":{"start":{"line":23,"column":15},"end":{"line":23,"column":27}},"10":{"start":{"line":25,"column":4},"end":{"line":25,"column":38}},"11":{"start":{"line":26,"column":4},"end":{"line":26,"column":44}},"12":{"start":{"line":30,"column":19},"end":{"line":30,"column":51}},"13":{"start":{"line":31,"column":4},"end":{"line":31,"column":60}},"14":{"start":{"line":35,"column":4},"end":{"line":35,"column":54}},"15":{"start":{"line":5,"column":0},"end":{"line":5,"column":13}}},"fnMap":{"0":{"name":"(anonymous_0)","decl":{"start":{"line":5,"column":0},"end":{"line":5,"column":13}},"loc":{"start":{"line":5,"column":0},"end":{"line":37,"column":1}}},"1":{"name":"(anonymous_1)","decl":{"start":{"line":8,"column":2},"end":{"line":8,"column":7}},"loc":{"start":{"line":8,"column":43},"end":{"line":10,"column":3}}},"2":{"name":"(anonymous_2)","decl":{"start":{"line":12,"column":2},"end":{"line":12,"column":7}},"loc":{"start":{"line":12,"column":27},"end":{"line":14,"column":3}}},"3":{"name":"(anonymous_3)","decl":{"start":{"line":16,"column":2},"end":{"line":16,"column":7}},"loc":{"start":{"line":16,"column":34},"end":{"line":19,"column":3}}},"4":{"name":"(anonymous_4)","decl":{"start":{"line":21,"column":2},"end":{"line":21,"column":7}},"loc":{"start":{"line":21,"column":46},"end":{"line":27,"column":3}}},"5":{"name":"(anonymous_5)","decl":{"start":{"line":29,"column":2},"end":{"line":29,"column":7}},"loc":{"start":{"line":29,"column":25},"end":{"line":32,"column":3}}},"6":{"name":"(anonymous_6)","decl":{"start":{"line":34,"column":2},"end":{"line":34,"column":7}},"loc":{"start":{"line":34,"column":33},"end":{"line":36,"column":3}}}},"branchMap":{"0":{"loc":{"start":{"line":23,"column":4},"end":{"line":23,"column":27}},"type":"if","locations":[{"start":{"line":23,"column":4},"end":{"line":23,"column":27}},{"start":{},"end":{}}]},"1":{"loc":{"start":{"line":31,"column":11},"end":{"line":31,"column":59}},"type":"binary-expr","locations":[{"start":{"line":31,"column":11},"end":{"line":31,"column":35}},{"start":{"line":31,"column":39},"end":{"line":31,"column":59}}]}},"s":{"0":6,"1":6,"2":2,"3":3,"4":4,"5":4,"6":0,"7":4,"8":3,"9":1,"10":2,"11":2,"12":3,"13":2,"14":0,"15":6},"f":{"0":2,"1":3,"2":4,"3":4,"4":4,"5":3,"6":0},"b":{"0":[1,2],"1":[2,2]}}
}
