{"C:\\Proyectos\\GitHub\\Reserva-Inteligente-de-Restaurantes\\Tarea_1\\backend\\src\\controller\\AuthController.ts": {"path":"C:\\Proyectos\\GitHub\\Reserva-Inteligente-de-Restaurantes\\Tarea_1\\backend\\src\\controller\\AuthController.ts","statementMap":{"0":{"start":{"line":2,"column":0},"end":{"line":2,"column":56}},"1":{"start":{"line":3,"column":0},"end":{"line":3,"column":37}},"2":{"start":{"line":4,"column":0},"end":{"line":4,"column":37}},"3":{"start":{"line":5,"column":0},"end":{"line":5,"column":26}},"4":{"start":{"line":7,"column":23},"end":{"line":7,"column":56}},"5":{"start":{"line":8,"column":23},"end":{"line":8,"column":56}},"6":{"start":{"line":10,"column":21},"end":{"line":10,"column":72}},"7":{"start":{"line":11,"column":14},"end":{"line":11,"column":33}},"8":{"start":{"line":12,"column":18},"end":{"line":12,"column":35}},"9":{"start":{"line":18,"column":19},"end":{"line":18,"column":40}},"10":{"start":{"line":19,"column":4},"end":{"line":19,"column":44}},"11":{"start":{"line":20,"column":4},"end":{"line":20,"column":44}},"12":{"start":{"line":22,"column":4},"end":{"line":22,"column":74}},"13":{"start":{"line":23,"column":4},"end":{"line":23,"column":78}},"14":{"start":{"line":25,"column":21},"end":{"line":28,"column":null}},"15":{"start":{"line":30,"column":4},"end":{"line":30,"column":38}},"16":{"start":{"line":35,"column":4},"end":{"line":116,"column":5}},"17":{"start":{"line":36,"column":92},"end":{"line":36,"column":100}},"18":{"start":{"line":38,"column":6},"end":{"line":40,"column":7}},"19":{"start":{"line":39,"column":8},"end":{"line":39,"column":118}},"20":{"start":{"line":44,"column":25},"end":{"line":44,"column":77}},"21":{"start":{"line":47,"column":19},"end":{"line":47,"column":71}},"22":{"start":{"line":48,"column":6},"end":{"line":50,"column":7}},"23":{"start":{"line":49,"column":8},"end":{"line":49,"column":110}},"24":{"start":{"line":53,"column":25},"end":{"line":53,"column":61}},"25":{"start":{"line":56,"column":30},"end":{"line":56,"column":75}},"26":{"start":{"line":57,"column":29},"end":{"line":69,"column":8}},"27":{"start":{"line":71,"column":6},"end":{"line":76,"column":9}},"28":{"start":{"line":79,"column":28},"end":{"line":81,"column":8}},"29":{"start":{"line":82,"column":26},"end":{"line":82,"column":50}},"30":{"start":{"line":85,"column":6},"end":{"line":95,"column":7}},"31":{"start":{"line":86,"column":29},"end":{"line":88,"column":10}},"32":{"start":{"line":89,"column":24},"end":{"line":89,"column":41}},"33":{"start":{"line":90,"column":8},"end":{"line":92,"column":11}},"34":{"start":{"line":94,"column":28},"end":{"line":94,"column":196}},"35":{"start":{"line":98,"column":19},"end":{"line":98,"column":29}},"36":{"start":{"line":99,"column":6},"end":{"line":99,"column":35}},"37":{"start":{"line":100,"column":6},"end":{"line":100,"column":33}},"38":{"start":{"line":101,"column":6},"end":{"line":101,"column":25}},"39":{"start":{"line":102,"column":6},"end":{"line":102,"column":37}},"40":{"start":{"line":103,"column":6},"end":{"line":103,"column":28}},"41":{"start":{"line":104,"column":6},"end":{"line":104,"column":35}},"42":{"start":{"line":105,"column":6},"end":{"line":105,"column":23}},"43":{"start":{"line":107,"column":6},"end":{"line":107,"column":38}},"44":{"start":{"line":109,"column":6},"end":{"line":109,"column":89}},"45":{"start":{"line":111,"column":6},"end":{"line":113,"column":7}},"46":{"start":{"line":112,"column":8},"end":{"line":112,"column":104}},"47":{"start":{"line":114,"column":26},"end":{"line":114,"column":140}},"48":{"start":{"line":115,"column":6},"end":{"line":115,"column":84}},"49":{"start":{"line":121,"column":4},"end":{"line":156,"column":5}},"50":{"start":{"line":122,"column":34},"end":{"line":122,"column":42}},"51":{"start":{"line":124,"column":6},"end":{"line":126,"column":7}},"52":{"start":{"line":125,"column":9},"end":{"line":125,"column":73}},"53":{"start":{"line":129,"column":21},"end":{"line":129,"column":42}},"54":{"start":{"line":130,"column":6},"end":{"line":130,"column":46}},"55":{"start":{"line":131,"column":6},"end":{"line":131,"column":44}},"56":{"start":{"line":132,"column":6},"end":{"line":132,"column":39}},"57":{"start":{"line":133,"column":6},"end":{"line":133,"column":42}},"58":{"start":{"line":135,"column":23},"end":{"line":138,"column":null}},"59":{"start":{"line":142,"column":6},"end":{"line":147,"column":9}},"60":{"start":{"line":151,"column":6},"end":{"line":153,"column":7}},"61":{"start":{"line":152,"column":8},"end":{"line":152,"column":75}},"62":{"start":{"line":154,"column":26},"end":{"line":154,"column":146}},"63":{"start":{"line":155,"column":6},"end":{"line":155,"column":75}},"64":{"start":{"line":14,"column":0},"end":{"line":14,"column":13}},"65":{"start":{"line":165,"column":85},"end":{"line":165,"column":46440}},"66":{"start":{"line":165,"column":89},"end":{"line":165,"column":46412}},"67":{"start":{"line":165,"column":46422},"end":{"line":165,"column":46439}},"68":{"start":{"line":165,"column":46555},"end":{"line":165,"column":46561}},"69":{"start":{"line":165,"column":46676},"end":{"line":165,"column":46682}},"70":{"start":{"line":165,"column":46797},"end":{"line":165,"column":46803}},"71":{"start":{"line":165,"column":46922},"end":{"line":165,"column":46928}},"72":{"start":{"line":165,"column":47072},"end":{"line":165,"column":47078}}},"fnMap":{"0":{"name":"(anonymous_1)","decl":{"start":{"line":17,"column":10},"end":{"line":17,"column":16}},"loc":{"start":{"line":17,"column":36},"end":{"line":31,"column":3}}},"1":{"name":"(anonymous_2)","decl":{"start":{"line":34,"column":2},"end":{"line":34,"column":8}},"loc":{"start":{"line":34,"column":51},"end":{"line":117,"column":3}}},"2":{"name":"(anonymous_3)","decl":{"start":{"line":120,"column":2},"end":{"line":120,"column":8}},"loc":{"start":{"line":120,"column":48},"end":{"line":157,"column":3}}},"3":{"name":"oo_cm","decl":{"start":{"line":165,"column":77},"end":{"line":165,"column":82}},"loc":{"start":{"line":165,"column":82},"end":{"line":165,"column":46441}}}},"branchMap":{"0":{"loc":{"start":{"line":10,"column":21},"end":{"line":10,"column":72}},"type":"binary-expr","locations":[{"start":{"line":10,"column":21},"end":{"line":10,"column":45}},{"start":{"line":10,"column":49},"end":{"line":10,"column":72}}]},"1":{"loc":{"start":{"line":22,"column":30},"end":{"line":22,"column":72}},"type":"binary-expr","locations":[{"start":{"line":22,"column":30},"end":{"line":22,"column":61}},{"start":{"line":22,"column":65},"end":{"line":22,"column":72}}]},"2":{"loc":{"start":{"line":23,"column":30},"end":{"line":23,"column":76}},"type":"binary-expr","locations":[{"start":{"line":23,"column":30},"end":{"line":23,"column":65}},{"start":{"line":23,"column":69},"end":{"line":23,"column":76}}]},"3":{"loc":{"start":{"line":36,"column":54},"end":{"line":36,"column":87}},"type":"default-arg","locations":[{"start":{"line":36,"column":66},"end":{"line":36,"column":87}}]},"4":{"loc":{"start":{"line":38,"column":6},"end":{"line":40,"column":7}},"type":"if","locations":[{"start":{"line":38,"column":6},"end":{"line":40,"column":7}},{"start":{},"end":{}}]},"5":{"loc":{"start":{"line":38,"column":10},"end":{"line":38,"column":58}},"type":"binary-expr","locations":[{"start":{"line":38,"column":10},"end":{"line":38,"column":21}},{"start":{"line":38,"column":25},"end":{"line":38,"column":35}},{"start":{"line":38,"column":39},"end":{"line":38,"column":45}},{"start":{"line":38,"column":49},"end":{"line":38,"column":58}}]},"6":{"loc":{"start":{"line":44,"column":25},"end":{"line":44,"column":77}},"type":"cond-expr","locations":[{"start":{"line":44,"column":61},"end":{"line":44,"column":68}},{"start":{"line":44,"column":71},"end":{"line":44,"column":77}}]},"7":{"loc":{"start":{"line":48,"column":6},"end":{"line":50,"column":7}},"type":"if","locations":[{"start":{"line":48,"column":6},"end":{"line":50,"column":7}},{"start":{},"end":{}}]},"8":{"loc":{"start":{"line":111,"column":6},"end":{"line":113,"column":7}},"type":"if","locations":[{"start":{"line":111,"column":6},"end":{"line":113,"column":7}},{"start":{},"end":{}}]},"9":{"loc":{"start":{"line":114,"column":100},"end":{"line":114,"column":137}},"type":"binary-expr","locations":[{"start":{"line":114,"column":100},"end":{"line":114,"column":120}},{"start":{"line":114,"column":124},"end":{"line":114,"column":137}}]},"10":{"loc":{"start":{"line":124,"column":6},"end":{"line":126,"column":7}},"type":"if","locations":[{"start":{"line":124,"column":6},"end":{"line":126,"column":7}},{"start":{},"end":{}}]},"11":{"loc":{"start":{"line":124,"column":10},"end":{"line":124,"column":29}},"type":"binary-expr","locations":[{"start":{"line":124,"column":10},"end":{"line":124,"column":16}},{"start":{"line":124,"column":20},"end":{"line":124,"column":29}}]},"12":{"loc":{"start":{"line":151,"column":6},"end":{"line":153,"column":7}},"type":"if","locations":[{"start":{"line":151,"column":6},"end":{"line":153,"column":7}},{"start":{},"end":{}}]},"13":{"loc":{"start":{"line":151,"column":10},"end":{"line":151,"column":57}},"type":"binary-expr","locations":[{"start":{"line":151,"column":10},"end":{"line":151,"column":24}},{"start":{"line":151,"column":28},"end":{"line":151,"column":57}}]},"14":{"loc":{"start":{"line":154,"column":106},"end":{"line":154,"column":143}},"type":"binary-expr","locations":[{"start":{"line":154,"column":106},"end":{"line":154,"column":126}},{"start":{"line":154,"column":130},"end":{"line":154,"column":143}}]},"15":{"loc":{"start":{"line":165,"column":96},"end":{"line":165,"column":46411}},"type":"binary-expr","locations":[{"start":{"line":165,"column":96},"end":{"line":165,"column":133}},{"start":{"line":165,"column":137},"end":{"line":165,"column":46411}}]}},"s":{"0":1,"1":1,"2":1,"3":1,"4":1,"5":1,"6":1,"7":1,"8":1,"9":6,"10":6,"11":6,"12":6,"13":6,"14":6,"15":5,"16":10,"17":10,"18":10,"19":2,"20":8,"21":8,"22":8,"23":2,"24":6,"25":5,"26":5,"27":5,"28":4,"29":4,"30":4,"31":4,"32":3,"33":3,"34":1,"35":4,"36":4,"37":4,"38":4,"39":4,"40":4,"41":4,"42":4,"43":4,"44":3,"45":3,"46":1,"47":2,"48":2,"49":7,"50":7,"51":7,"52":3,"53":4,"54":4,"55":4,"56":4,"57":4,"58":4,"59":1,"60":3,"61":1,"62":2,"63":2,"64":1,"65":5,"66":5,"67":0,"68":1,"69":1,"70":1,"71":1,"72":1},"f":{"0":6,"1":10,"2":7,"3":5},"b":{"0":[1,1],"1":[6,6],"2":[6,6],"3":[8],"4":[2,8],"5":[10,9,8,8],"6":[2,6],"7":[2,6],"8":[1,2],"9":[2,2],"10":[3,4],"11":[7,5],"12":[1,2],"13":[3,2],"14":[2,1],"15":[5,1]}}
,"C:\\Proyectos\\GitHub\\Reserva-Inteligente-de-Restaurantes\\Tarea_1\\backend\\src\\controller\\MenuController.ts": {"path":"C:\\Proyectos\\GitHub\\Reserva-Inteligente-de-Restaurantes\\Tarea_1\\backend\\src\\controller\\MenuController.ts","statementMap":{"0":{"start":{"line":2,"column":0},"end":{"line":2,"column":56}},"1":{"start":{"line":3,"column":0},"end":{"line":3,"column":37}},"2":{"start":{"line":4,"column":0},"end":{"line":4,"column":49}},"3":{"start":{"line":6,"column":23},"end":{"line":6,"column":56}},"4":{"start":{"line":12,"column":4},"end":{"line":29,"column":5}},"5":{"start":{"line":13,"column":38},"end":{"line":13,"column":46}},"6":{"start":{"line":15,"column":19},"end":{"line":15,"column":29}},"7":{"start":{"line":16,"column":6},"end":{"line":16,"column":23}},"8":{"start":{"line":18,"column":6},"end":{"line":22,"column":7}},"9":{"start":{"line":19,"column":31},"end":{"line":19,"column":70}},"10":{"start":{"line":20,"column":27},"end":{"line":20,"column":80}},"11":{"start":{"line":21,"column":8},"end":{"line":21,"column":53}},"12":{"start":{"line":21,"column":24},"end":{"line":21,"column":53}},"13":{"start":{"line":24,"column":6},"end":{"line":24,"column":38}},"14":{"start":{"line":25,"column":6},"end":{"line":25,"column":33}},"15":{"start":{"line":27,"column":26},"end":{"line":27,"column":84}},"16":{"start":{"line":28,"column":6},"end":{"line":28,"column":66}},"17":{"start":{"line":34,"column":4},"end":{"line":48,"column":5}},"18":{"start":{"line":35,"column":21},"end":{"line":35,"column":31}},"19":{"start":{"line":36,"column":19},"end":{"line":39,"column":8}},"20":{"start":{"line":41,"column":6},"end":{"line":43,"column":7}},"21":{"start":{"line":42,"column":8},"end":{"line":42,"column":71}},"22":{"start":{"line":44,"column":6},"end":{"line":44,"column":21}},"23":{"start":{"line":46,"column":26},"end":{"line":46,"column":84}},"24":{"start":{"line":47,"column":6},"end":{"line":47,"column":68}},"25":{"start":{"line":53,"column":4},"end":{"line":67,"column":5}},"26":{"start":{"line":54,"column":21},"end":{"line":54,"column":31}},"27":{"start":{"line":55,"column":19},"end":{"line":55,"column":71}},"28":{"start":{"line":57,"column":6},"end":{"line":59,"column":7}},"29":{"start":{"line":58,"column":8},"end":{"line":58,"column":71}},"30":{"start":{"line":61,"column":6},"end":{"line":61,"column":43}},"31":{"start":{"line":62,"column":22},"end":{"line":62,"column":53}},"32":{"start":{"line":63,"column":6},"end":{"line":63,"column":24}},"33":{"start":{"line":65,"column":26},"end":{"line":65,"column":84}},"34":{"start":{"line":66,"column":6},"end":{"line":66,"column":71}},"35":{"start":{"line":72,"column":4},"end":{"line":84,"column":5}},"36":{"start":{"line":73,"column":21},"end":{"line":73,"column":31}},"37":{"start":{"line":74,"column":22},"end":{"line":74,"column":63}},"38":{"start":{"line":76,"column":6},"end":{"line":78,"column":7}},"39":{"start":{"line":77,"column":9},"end":{"line":77,"column":72}},"40":{"start":{"line":80,"column":6},"end":{"line":80,"column":56}},"41":{"start":{"line":82,"column":26},"end":{"line":82,"column":84}},"42":{"start":{"line":83,"column":6},"end":{"line":83,"column":69}},"43":{"start":{"line":8,"column":0},"end":{"line":8,"column":13}},"44":{"start":{"line":93,"column":85},"end":{"line":93,"column":46440}},"45":{"start":{"line":93,"column":89},"end":{"line":93,"column":46412}},"46":{"start":{"line":93,"column":46422},"end":{"line":93,"column":46439}},"47":{"start":{"line":93,"column":46555},"end":{"line":93,"column":46561}},"48":{"start":{"line":93,"column":46676},"end":{"line":93,"column":46682}},"49":{"start":{"line":93,"column":46797},"end":{"line":93,"column":46803}},"50":{"start":{"line":93,"column":46922},"end":{"line":93,"column":46928}},"51":{"start":{"line":93,"column":47072},"end":{"line":93,"column":47078}}},"fnMap":{"0":{"name":"(anonymous_0)","decl":{"start":{"line":11,"column":2},"end":{"line":11,"column":8}},"loc":{"start":{"line":11,"column":53},"end":{"line":30,"column":3}}},"1":{"name":"(anonymous_1)","decl":{"start":{"line":33,"column":2},"end":{"line":33,"column":8}},"loc":{"start":{"line":33,"column":50},"end":{"line":49,"column":3}}},"2":{"name":"(anonymous_2)","decl":{"start":{"line":52,"column":2},"end":{"line":52,"column":8}},"loc":{"start":{"line":52,"column":53},"end":{"line":68,"column":3}}},"3":{"name":"(anonymous_3)","decl":{"start":{"line":71,"column":2},"end":{"line":71,"column":8}},"loc":{"start":{"line":71,"column":53},"end":{"line":85,"column":3}}},"4":{"name":"oo_cm","decl":{"start":{"line":93,"column":77},"end":{"line":93,"column":82}},"loc":{"start":{"line":93,"column":82},"end":{"line":93,"column":46441}}}},"branchMap":{"0":{"loc":{"start":{"line":18,"column":6},"end":{"line":22,"column":7}},"type":"if","locations":[{"start":{"line":18,"column":6},"end":{"line":22,"column":7}},{"start":{},"end":{}}]},"1":{"loc":{"start":{"line":21,"column":8},"end":{"line":21,"column":53}},"type":"if","locations":[{"start":{"line":21,"column":8},"end":{"line":21,"column":53}},{"start":{},"end":{}}]},"2":{"loc":{"start":{"line":41,"column":6},"end":{"line":43,"column":7}},"type":"if","locations":[{"start":{"line":41,"column":6},"end":{"line":43,"column":7}},{"start":{},"end":{}}]},"3":{"loc":{"start":{"line":57,"column":6},"end":{"line":59,"column":7}},"type":"if","locations":[{"start":{"line":57,"column":6},"end":{"line":59,"column":7}},{"start":{},"end":{}}]},"4":{"loc":{"start":{"line":76,"column":6},"end":{"line":78,"column":7}},"type":"if","locations":[{"start":{"line":76,"column":6},"end":{"line":78,"column":7}},{"start":{},"end":{}}]},"5":{"loc":{"start":{"line":93,"column":96},"end":{"line":93,"column":46411}},"type":"binary-expr","locations":[{"start":{"line":93,"column":96},"end":{"line":93,"column":133}},{"start":{"line":93,"column":137},"end":{"line":93,"column":46411}}]}},"s":{"0":1,"1":1,"2":1,"3":1,"4":5,"5":5,"6":5,"7":5,"8":5,"9":3,"10":3,"11":2,"12":1,"13":4,"14":3,"15":2,"16":2,"17":3,"18":3,"19":3,"20":2,"21":1,"22":1,"23":1,"24":1,"25":4,"26":4,"27":4,"28":3,"29":1,"30":2,"31":2,"32":1,"33":2,"34":2,"35":3,"36":3,"37":3,"38":2,"39":1,"40":1,"41":1,"42":1,"43":1,"44":6,"45":6,"46":0,"47":1,"48":1,"49":1,"50":1,"51":1},"f":{"0":5,"1":3,"2":4,"3":3,"4":6},"b":{"0":[3,2],"1":[1,1],"2":[1,1],"3":[1,2],"4":[1,1],"5":[6,1]}}
,"C:\\Proyectos\\GitHub\\Reserva-Inteligente-de-Restaurantes\\Tarea_1\\backend\\src\\controller\\OrderController.ts": {"path":"C:\\Proyectos\\GitHub\\Reserva-Inteligente-de-Restaurantes\\Tarea_1\\backend\\src\\controller\\OrderController.ts","statementMap":{"0":{"start":{"line":2,"column":0},"end":{"line":2,"column":56}},"1":{"start":{"line":3,"column":0},"end":{"line":3,"column":39}},"2":{"start":{"line":4,"column":0},"end":{"line":4,"column":37}},"3":{"start":{"line":5,"column":0},"end":{"line":5,"column":49}},"4":{"start":{"line":7,"column":24},"end":{"line":7,"column":58}},"5":{"start":{"line":13,"column":4},"end":{"line":39,"column":5}},"6":{"start":{"line":14,"column":49},"end":{"line":14,"column":57}},"7":{"start":{"line":16,"column":20},"end":{"line":16,"column":31}},"8":{"start":{"line":17,"column":6},"end":{"line":17,"column":37}},"9":{"start":{"line":18,"column":6},"end":{"line":18,"column":36}},"10":{"start":{"line":20,"column":6},"end":{"line":24,"column":7}},"11":{"start":{"line":21,"column":25},"end":{"line":21,"column":58}},"12":{"start":{"line":22,"column":21},"end":{"line":22,"column":62}},"13":{"start":{"line":23,"column":8},"end":{"line":23,"column":36}},"14":{"start":{"line":23,"column":18},"end":{"line":23,"column":36}},"15":{"start":{"line":26,"column":6},"end":{"line":30,"column":7}},"16":{"start":{"line":27,"column":31},"end":{"line":27,"column":70}},"17":{"start":{"line":28,"column":27},"end":{"line":28,"column":80}},"18":{"start":{"line":29,"column":8},"end":{"line":29,"column":54}},"19":{"start":{"line":29,"column":24},"end":{"line":29,"column":54}},"20":{"start":{"line":34,"column":6},"end":{"line":34,"column":40}},"21":{"start":{"line":35,"column":6},"end":{"line":35,"column":34}},"22":{"start":{"line":37,"column":26},"end":{"line":37,"column":84}},"23":{"start":{"line":38,"column":6},"end":{"line":38,"column":71}},"24":{"start":{"line":44,"column":4},"end":{"line":59,"column":5}},"25":{"start":{"line":45,"column":21},"end":{"line":45,"column":31}},"26":{"start":{"line":46,"column":20},"end":{"line":49,"column":8}},"27":{"start":{"line":51,"column":6},"end":{"line":53,"column":7}},"28":{"start":{"line":52,"column":8},"end":{"line":52,"column":73}},"29":{"start":{"line":55,"column":6},"end":{"line":55,"column":22}},"30":{"start":{"line":57,"column":26},"end":{"line":57,"column":84}},"31":{"start":{"line":58,"column":6},"end":{"line":58,"column":70}},"32":{"start":{"line":9,"column":0},"end":{"line":9,"column":13}},"33":{"start":{"line":68,"column":85},"end":{"line":68,"column":46440}},"34":{"start":{"line":68,"column":89},"end":{"line":68,"column":46412}},"35":{"start":{"line":68,"column":46422},"end":{"line":68,"column":46439}},"36":{"start":{"line":68,"column":46555},"end":{"line":68,"column":46561}},"37":{"start":{"line":68,"column":46676},"end":{"line":68,"column":46682}},"38":{"start":{"line":68,"column":46797},"end":{"line":68,"column":46803}},"39":{"start":{"line":68,"column":46922},"end":{"line":68,"column":46928}},"40":{"start":{"line":68,"column":47072},"end":{"line":68,"column":47078}}},"fnMap":{"0":{"name":"(anonymous_0)","decl":{"start":{"line":12,"column":2},"end":{"line":12,"column":8}},"loc":{"start":{"line":12,"column":54},"end":{"line":40,"column":3}}},"1":{"name":"(anonymous_1)","decl":{"start":{"line":43,"column":2},"end":{"line":43,"column":8}},"loc":{"start":{"line":43,"column":51},"end":{"line":60,"column":3}}},"2":{"name":"oo_cm","decl":{"start":{"line":68,"column":77},"end":{"line":68,"column":82}},"loc":{"start":{"line":68,"column":82},"end":{"line":68,"column":46441}}}},"branchMap":{"0":{"loc":{"start":{"line":17,"column":21},"end":{"line":17,"column":36}},"type":"binary-expr","locations":[{"start":{"line":17,"column":21},"end":{"line":17,"column":27}},{"start":{"line":17,"column":31},"end":{"line":17,"column":36}}]},"1":{"loc":{"start":{"line":20,"column":6},"end":{"line":24,"column":7}},"type":"if","locations":[{"start":{"line":20,"column":6},"end":{"line":24,"column":7}},{"start":{},"end":{}}]},"2":{"loc":{"start":{"line":23,"column":8},"end":{"line":23,"column":36}},"type":"if","locations":[{"start":{"line":23,"column":8},"end":{"line":23,"column":36}},{"start":{},"end":{}}]},"3":{"loc":{"start":{"line":26,"column":6},"end":{"line":30,"column":7}},"type":"if","locations":[{"start":{"line":26,"column":6},"end":{"line":30,"column":7}},{"start":{},"end":{}}]},"4":{"loc":{"start":{"line":29,"column":8},"end":{"line":29,"column":54}},"type":"if","locations":[{"start":{"line":29,"column":8},"end":{"line":29,"column":54}},{"start":{},"end":{}}]},"5":{"loc":{"start":{"line":51,"column":6},"end":{"line":53,"column":7}},"type":"if","locations":[{"start":{"line":51,"column":6},"end":{"line":53,"column":7}},{"start":{},"end":{}}]},"6":{"loc":{"start":{"line":68,"column":96},"end":{"line":68,"column":46411}},"type":"binary-expr","locations":[{"start":{"line":68,"column":96},"end":{"line":68,"column":133}},{"start":{"line":68,"column":137},"end":{"line":68,"column":46411}}]}},"s":{"0":1,"1":1,"2":1,"3":1,"4":1,"5":9,"6":9,"7":9,"8":9,"9":9,"10":9,"11":4,"12":4,"13":3,"14":2,"15":8,"16":4,"17":4,"18":3,"19":2,"20":7,"21":6,"22":3,"23":3,"24":3,"25":3,"26":3,"27":2,"28":1,"29":1,"30":1,"31":1,"32":1,"33":4,"34":4,"35":0,"36":1,"37":1,"38":1,"39":1,"40":1},"f":{"0":9,"1":3,"2":4},"b":{"0":[9,6],"1":[4,5],"2":[2,1],"3":[4,4],"4":[2,1],"5":[1,1],"6":[4,1]}}
,"C:\\Proyectos\\GitHub\\Reserva-Inteligente-de-Restaurantes\\Tarea_1\\backend\\src\\controller\\ReservationController.ts": {"path":"C:\\Proyectos\\GitHub\\Reserva-Inteligente-de-Restaurantes\\Tarea_1\\backend\\src\\controller\\ReservationController.ts","statementMap":{"0":{"start":{"line":2,"column":0},"end":{"line":2,"column":56}},"1":{"start":{"line":3,"column":0},"end":{"line":3,"column":51}},"2":{"start":{"line":4,"column":0},"end":{"line":4,"column":37}},"3":{"start":{"line":5,"column":0},"end":{"line":5,"column":49}},"4":{"start":{"line":7,"column":30},"end":{"line":7,"column":70}},"5":{"start":{"line":13,"column":4},"end":{"line":38,"column":5}},"6":{"start":{"line":14,"column":91},"end":{"line":14,"column":99}},"7":{"start":{"line":16,"column":26},"end":{"line":16,"column":43}},"8":{"start":{"line":17,"column":6},"end":{"line":17,"column":64}},"9":{"start":{"line":18,"column":6},"end":{"line":18,"column":54}},"10":{"start":{"line":19,"column":6},"end":{"line":19,"column":46}},"11":{"start":{"line":21,"column":6},"end":{"line":25,"column":7}},"12":{"start":{"line":22,"column":25},"end":{"line":22,"column":58}},"13":{"start":{"line":23,"column":21},"end":{"line":23,"column":62}},"14":{"start":{"line":24,"column":8},"end":{"line":24,"column":42}},"15":{"start":{"line":24,"column":18},"end":{"line":24,"column":42}},"16":{"start":{"line":27,"column":6},"end":{"line":31,"column":7}},"17":{"start":{"line":28,"column":31},"end":{"line":28,"column":70}},"18":{"start":{"line":29,"column":27},"end":{"line":29,"column":80}},"19":{"start":{"line":30,"column":8},"end":{"line":30,"column":60}},"20":{"start":{"line":30,"column":24},"end":{"line":30,"column":60}},"21":{"start":{"line":33,"column":6},"end":{"line":33,"column":52}},"22":{"start":{"line":34,"column":6},"end":{"line":34,"column":40}},"23":{"start":{"line":36,"column":26},"end":{"line":36,"column":84}},"24":{"start":{"line":37,"column":6},"end":{"line":37,"column":69}},"25":{"start":{"line":43,"column":4},"end":{"line":55,"column":5}},"26":{"start":{"line":44,"column":21},"end":{"line":44,"column":31}},"27":{"start":{"line":45,"column":22},"end":{"line":45,"column":70}},"28":{"start":{"line":47,"column":6},"end":{"line":49,"column":7}},"29":{"start":{"line":48,"column":9},"end":{"line":48,"column":75}},"30":{"start":{"line":51,"column":6},"end":{"line":51,"column":59}},"31":{"start":{"line":53,"column":26},"end":{"line":53,"column":84}},"32":{"start":{"line":54,"column":6},"end":{"line":54,"column":72}},"33":{"start":{"line":9,"column":0},"end":{"line":9,"column":13}},"34":{"start":{"line":64,"column":85},"end":{"line":64,"column":46440}},"35":{"start":{"line":64,"column":89},"end":{"line":64,"column":46412}},"36":{"start":{"line":64,"column":46422},"end":{"line":64,"column":46439}},"37":{"start":{"line":64,"column":46555},"end":{"line":64,"column":46561}},"38":{"start":{"line":64,"column":46676},"end":{"line":64,"column":46682}},"39":{"start":{"line":64,"column":46797},"end":{"line":64,"column":46803}},"40":{"start":{"line":64,"column":46922},"end":{"line":64,"column":46928}},"41":{"start":{"line":64,"column":47072},"end":{"line":64,"column":47078}}},"fnMap":{"0":{"name":"(anonymous_0)","decl":{"start":{"line":12,"column":2},"end":{"line":12,"column":8}},"loc":{"start":{"line":12,"column":60},"end":{"line":39,"column":3}}},"1":{"name":"(anonymous_1)","decl":{"start":{"line":42,"column":2},"end":{"line":42,"column":8}},"loc":{"start":{"line":42,"column":60},"end":{"line":56,"column":3}}},"2":{"name":"oo_cm","decl":{"start":{"line":64,"column":77},"end":{"line":64,"column":82}},"loc":{"start":{"line":64,"column":82},"end":{"line":64,"column":46441}}}},"branchMap":{"0":{"loc":{"start":{"line":21,"column":6},"end":{"line":25,"column":7}},"type":"if","locations":[{"start":{"line":21,"column":6},"end":{"line":25,"column":7}},{"start":{},"end":{}}]},"1":{"loc":{"start":{"line":24,"column":8},"end":{"line":24,"column":42}},"type":"if","locations":[{"start":{"line":24,"column":8},"end":{"line":24,"column":42}},{"start":{},"end":{}}]},"2":{"loc":{"start":{"line":27,"column":6},"end":{"line":31,"column":7}},"type":"if","locations":[{"start":{"line":27,"column":6},"end":{"line":31,"column":7}},{"start":{},"end":{}}]},"3":{"loc":{"start":{"line":30,"column":8},"end":{"line":30,"column":60}},"type":"if","locations":[{"start":{"line":30,"column":8},"end":{"line":30,"column":60}},{"start":{},"end":{}}]},"4":{"loc":{"start":{"line":47,"column":6},"end":{"line":49,"column":7}},"type":"if","locations":[{"start":{"line":47,"column":6},"end":{"line":49,"column":7}},{"start":{},"end":{}}]},"5":{"loc":{"start":{"line":64,"column":96},"end":{"line":64,"column":46411}},"type":"binary-expr","locations":[{"start":{"line":64,"column":96},"end":{"line":64,"column":133}},{"start":{"line":64,"column":137},"end":{"line":64,"column":46411}}]}},"s":{"0":1,"1":1,"2":1,"3":1,"4":1,"5":9,"6":9,"7":9,"8":9,"9":9,"10":9,"11":9,"12":4,"13":4,"14":3,"15":2,"16":8,"17":4,"18":4,"19":3,"20":2,"21":7,"22":6,"23":3,"24":3,"25":3,"26":3,"27":3,"28":2,"29":1,"30":1,"31":1,"32":1,"33":1,"34":4,"35":4,"36":0,"37":1,"38":1,"39":1,"40":1,"41":1},"f":{"0":9,"1":3,"2":4},"b":{"0":[4,5],"1":[2,1],"2":[4,4],"3":[2,1],"4":[1,1],"5":[4,1]}}
,"C:\\Proyectos\\GitHub\\Reserva-Inteligente-de-Restaurantes\\Tarea_1\\backend\\src\\controller\\RestaurantController.ts": {"path":"C:\\Proyectos\\GitHub\\Reserva-Inteligente-de-Restaurantes\\Tarea_1\\backend\\src\\controller\\RestaurantController.ts","statementMap":{"0":{"start":{"line":2,"column":0},"end":{"line":2,"column":56}},"1":{"start":{"line":3,"column":0},"end":{"line":3,"column":49}},"2":{"start":{"line":4,"column":0},"end":{"line":4,"column":37}},"3":{"start":{"line":5,"column":0},"end":{"line":5,"column":45}},"4":{"start":{"line":7,"column":29},"end":{"line":7,"column":68}},"5":{"start":{"line":13,"column":4},"end":{"line":21,"column":5}},"6":{"start":{"line":14,"column":26},"end":{"line":16,"column":8}},"7":{"start":{"line":17,"column":6},"end":{"line":17,"column":28}},"8":{"start":{"line":19,"column":26},"end":{"line":19,"column":84}},"9":{"start":{"line":20,"column":6},"end":{"line":20,"column":73}},"10":{"start":{"line":26,"column":4},"end":{"line":51,"column":5}},"11":{"start":{"line":27,"column":46},"end":{"line":27,"column":54}},"12":{"start":{"line":29,"column":25},"end":{"line":29,"column":41}},"13":{"start":{"line":30,"column":6},"end":{"line":30,"column":29}},"14":{"start":{"line":31,"column":6},"end":{"line":31,"column":41}},"15":{"start":{"line":33,"column":6},"end":{"line":37,"column":7}},"16":{"start":{"line":34,"column":25},"end":{"line":34,"column":58}},"17":{"start":{"line":35,"column":22},"end":{"line":35,"column":64}},"18":{"start":{"line":36,"column":8},"end":{"line":36,"column":44}},"19":{"start":{"line":36,"column":19},"end":{"line":36,"column":44}},"20":{"start":{"line":39,"column":6},"end":{"line":43,"column":7}},"21":{"start":{"line":40,"column":29},"end":{"line":40,"column":66}},"22":{"start":{"line":41,"column":25},"end":{"line":41,"column":74}},"23":{"start":{"line":42,"column":8},"end":{"line":42,"column":53}},"24":{"start":{"line":42,"column":22},"end":{"line":42,"column":53}},"25":{"start":{"line":45,"column":6},"end":{"line":45,"column":50}},"26":{"start":{"line":47,"column":6},"end":{"line":47,"column":39}},"27":{"start":{"line":49,"column":26},"end":{"line":49,"column":84}},"28":{"start":{"line":50,"column":6},"end":{"line":50,"column":73}},"29":{"start":{"line":9,"column":0},"end":{"line":9,"column":13}},"30":{"start":{"line":60,"column":85},"end":{"line":60,"column":46440}},"31":{"start":{"line":60,"column":89},"end":{"line":60,"column":46412}},"32":{"start":{"line":60,"column":46422},"end":{"line":60,"column":46439}},"33":{"start":{"line":60,"column":46555},"end":{"line":60,"column":46561}},"34":{"start":{"line":60,"column":46676},"end":{"line":60,"column":46682}},"35":{"start":{"line":60,"column":46797},"end":{"line":60,"column":46803}},"36":{"start":{"line":60,"column":46922},"end":{"line":60,"column":46928}},"37":{"start":{"line":60,"column":47072},"end":{"line":60,"column":47078}}},"fnMap":{"0":{"name":"(anonymous_0)","decl":{"start":{"line":12,"column":2},"end":{"line":12,"column":8}},"loc":{"start":{"line":12,"column":57},"end":{"line":22,"column":3}}},"1":{"name":"(anonymous_1)","decl":{"start":{"line":25,"column":2},"end":{"line":25,"column":8}},"loc":{"start":{"line":25,"column":59},"end":{"line":52,"column":3}}},"2":{"name":"oo_cm","decl":{"start":{"line":60,"column":77},"end":{"line":60,"column":82}},"loc":{"start":{"line":60,"column":82},"end":{"line":60,"column":46441}}}},"branchMap":{"0":{"loc":{"start":{"line":33,"column":6},"end":{"line":37,"column":7}},"type":"if","locations":[{"start":{"line":33,"column":6},"end":{"line":37,"column":7}},{"start":{},"end":{}}]},"1":{"loc":{"start":{"line":36,"column":8},"end":{"line":36,"column":44}},"type":"if","locations":[{"start":{"line":36,"column":8},"end":{"line":36,"column":44}},{"start":{},"end":{}}]},"2":{"loc":{"start":{"line":39,"column":6},"end":{"line":43,"column":7}},"type":"if","locations":[{"start":{"line":39,"column":6},"end":{"line":43,"column":7}},{"start":{},"end":{}}]},"3":{"loc":{"start":{"line":42,"column":8},"end":{"line":42,"column":53}},"type":"if","locations":[{"start":{"line":42,"column":8},"end":{"line":42,"column":53}},{"start":{},"end":{}}]},"4":{"loc":{"start":{"line":60,"column":96},"end":{"line":60,"column":46411}},"type":"binary-expr","locations":[{"start":{"line":60,"column":96},"end":{"line":60,"column":133}},{"start":{"line":60,"column":137},"end":{"line":60,"column":46411}}]}},"s":{"0":1,"1":1,"2":1,"3":1,"4":1,"5":3,"6":3,"7":2,"8":1,"9":1,"10":9,"11":9,"12":9,"13":9,"14":9,"15":9,"16":4,"17":4,"18":3,"19":2,"20":8,"21":4,"22":4,"23":3,"24":2,"25":7,"26":6,"27":3,"28":3,"29":1,"30":4,"31":4,"32":0,"33":1,"34":1,"35":1,"36":1,"37":1},"f":{"0":3,"1":9,"2":4},"b":{"0":[4,5],"1":[2,1],"2":[4,4],"3":[2,1],"4":[4,1]}}
,"C:\\Proyectos\\GitHub\\Reserva-Inteligente-de-Restaurantes\\Tarea_1\\backend\\src\\controller\\UserController.ts": {"path":"C:\\Proyectos\\GitHub\\Reserva-Inteligente-de-Restaurantes\\Tarea_1\\backend\\src\\controller\\UserController.ts","statementMap":{"0":{"start":{"line":2,"column":0},"end":{"line":2,"column":56}},"1":{"start":{"line":3,"column":0},"end":{"line":3,"column":37}},"2":{"start":{"line":5,"column":23},"end":{"line":5,"column":56}},"3":{"start":{"line":11,"column":4},"end":{"line":32,"column":5}},"4":{"start":{"line":13,"column":21},"end":{"line":13,"column":38}},"5":{"start":{"line":14,"column":6},"end":{"line":16,"column":7}},"6":{"start":{"line":15,"column":8},"end":{"line":15,"column":66}},"7":{"start":{"line":19,"column":25},"end":{"line":19,"column":61}},"8":{"start":{"line":22,"column":19},"end":{"line":22,"column":78}},"9":{"start":{"line":24,"column":6},"end":{"line":26,"column":7}},"10":{"start":{"line":25,"column":8},"end":{"line":25,"column":100}},"11":{"start":{"line":28,"column":6},"end":{"line":28,"column":21}},"12":{"start":{"line":30,"column":26},"end":{"line":30,"column":84}},"13":{"start":{"line":31,"column":6},"end":{"line":31,"column":71}},"14":{"start":{"line":37,"column":4},"end":{"line":53,"column":5}},"15":{"start":{"line":38,"column":21},"end":{"line":38,"column":31}},"16":{"start":{"line":39,"column":27},"end":{"line":39,"column":35}},"17":{"start":{"line":41,"column":19},"end":{"line":41,"column":71}},"18":{"start":{"line":42,"column":6},"end":{"line":44,"column":7}},"19":{"start":{"line":43,"column":8},"end":{"line":43,"column":74}},"20":{"start":{"line":46,"column":6},"end":{"line":46,"column":47}},"21":{"start":{"line":47,"column":22},"end":{"line":47,"column":53}},"22":{"start":{"line":49,"column":6},"end":{"line":49,"column":24}},"23":{"start":{"line":51,"column":26},"end":{"line":51,"column":84}},"24":{"start":{"line":52,"column":6},"end":{"line":52,"column":74}},"25":{"start":{"line":58,"column":4},"end":{"line":70,"column":5}},"26":{"start":{"line":59,"column":21},"end":{"line":59,"column":31}},"27":{"start":{"line":60,"column":22},"end":{"line":60,"column":63}},"28":{"start":{"line":62,"column":6},"end":{"line":64,"column":7}},"29":{"start":{"line":63,"column":9},"end":{"line":63,"column":75}},"30":{"start":{"line":66,"column":6},"end":{"line":66,"column":59}},"31":{"start":{"line":68,"column":26},"end":{"line":68,"column":84}},"32":{"start":{"line":69,"column":6},"end":{"line":69,"column":72}},"33":{"start":{"line":7,"column":0},"end":{"line":7,"column":13}},"34":{"start":{"line":79,"column":85},"end":{"line":79,"column":46440}},"35":{"start":{"line":79,"column":89},"end":{"line":79,"column":46412}},"36":{"start":{"line":79,"column":46422},"end":{"line":79,"column":46439}},"37":{"start":{"line":79,"column":46555},"end":{"line":79,"column":46561}},"38":{"start":{"line":79,"column":46676},"end":{"line":79,"column":46682}},"39":{"start":{"line":79,"column":46797},"end":{"line":79,"column":46803}},"40":{"start":{"line":79,"column":46922},"end":{"line":79,"column":46928}},"41":{"start":{"line":79,"column":47072},"end":{"line":79,"column":47078}}},"fnMap":{"0":{"name":"(anonymous_0)","decl":{"start":{"line":10,"column":2},"end":{"line":10,"column":8}},"loc":{"start":{"line":10,"column":48},"end":{"line":33,"column":3}}},"1":{"name":"(anonymous_1)","decl":{"start":{"line":36,"column":2},"end":{"line":36,"column":8}},"loc":{"start":{"line":36,"column":53},"end":{"line":54,"column":3}}},"2":{"name":"(anonymous_2)","decl":{"start":{"line":57,"column":2},"end":{"line":57,"column":8}},"loc":{"start":{"line":57,"column":53},"end":{"line":71,"column":3}}},"3":{"name":"oo_cm","decl":{"start":{"line":79,"column":77},"end":{"line":79,"column":82}},"loc":{"start":{"line":79,"column":82},"end":{"line":79,"column":46441}}}},"branchMap":{"0":{"loc":{"start":{"line":14,"column":6},"end":{"line":16,"column":7}},"type":"if","locations":[{"start":{"line":14,"column":6},"end":{"line":16,"column":7}},{"start":{},"end":{}}]},"1":{"loc":{"start":{"line":14,"column":10},"end":{"line":14,"column":32}},"type":"binary-expr","locations":[{"start":{"line":14,"column":10},"end":{"line":14,"column":16}},{"start":{"line":14,"column":20},"end":{"line":14,"column":32}}]},"2":{"loc":{"start":{"line":24,"column":6},"end":{"line":26,"column":7}},"type":"if","locations":[{"start":{"line":24,"column":6},"end":{"line":26,"column":7}},{"start":{},"end":{}}]},"3":{"loc":{"start":{"line":42,"column":6},"end":{"line":44,"column":7}},"type":"if","locations":[{"start":{"line":42,"column":6},"end":{"line":44,"column":7}},{"start":{},"end":{}}]},"4":{"loc":{"start":{"line":62,"column":6},"end":{"line":64,"column":7}},"type":"if","locations":[{"start":{"line":62,"column":6},"end":{"line":64,"column":7}},{"start":{},"end":{}}]},"5":{"loc":{"start":{"line":79,"column":96},"end":{"line":79,"column":46411}},"type":"binary-expr","locations":[{"start":{"line":79,"column":96},"end":{"line":79,"column":133}},{"start":{"line":79,"column":137},"end":{"line":79,"column":46411}}]}},"s":{"0":1,"1":1,"2":1,"3":5,"4":5,"5":5,"6":2,"7":3,"8":3,"9":2,"10":1,"11":1,"12":1,"13":1,"14":4,"15":4,"16":4,"17":4,"18":3,"19":1,"20":2,"21":2,"22":1,"23":2,"24":2,"25":3,"26":3,"27":3,"28":2,"29":1,"30":1,"31":1,"32":1,"33":1,"34":4,"35":4,"36":0,"37":1,"38":1,"39":1,"40":1,"41":1},"f":{"0":5,"1":4,"2":3,"3":4},"b":{"0":[2,3],"1":[5,4],"2":[1,1],"3":[1,2],"4":[1,1],"5":[4,1]}}
}
