TN:
SF:src\controller\AuthController.ts
FN:17,(anonymous_1)
FN:34,(anonymous_2)
FN:120,(anonymous_3)
FN:165,oo_cm
FNF:4
FNH:4
FNDA:6,(anonymous_1)
FNDA:10,(anonymous_2)
FNDA:7,(anonymous_3)
FNDA:5,oo_cm
DA:2,1
DA:3,1
DA:4,1
DA:5,1
DA:7,1
DA:8,1
DA:10,1
DA:11,1
DA:12,1
DA:14,1
DA:18,6
DA:19,6
DA:20,6
DA:22,6
DA:23,6
DA:25,6
DA:30,5
DA:35,10
DA:36,10
DA:38,10
DA:39,2
DA:44,8
DA:47,8
DA:48,8
DA:49,2
DA:53,6
DA:56,5
DA:57,5
DA:71,5
DA:79,4
DA:82,4
DA:85,4
DA:86,4
DA:89,3
DA:90,3
DA:94,1
DA:98,4
DA:99,4
DA:100,4
DA:101,4
DA:102,4
DA:103,4
DA:104,4
DA:105,4
DA:107,4
DA:109,3
DA:111,3
DA:112,1
DA:114,2
DA:115,2
DA:121,7
DA:122,7
DA:124,7
DA:125,3
DA:129,4
DA:130,4
DA:131,4
DA:132,4
DA:133,4
DA:135,4
DA:142,1
DA:151,3
DA:152,1
DA:154,2
DA:155,2
DA:165,5
LF:66
LH:66
BRDA:10,0,0,1
BRDA:10,0,1,1
BRDA:22,1,0,6
BRDA:22,1,1,6
BRDA:23,2,0,6
BRDA:23,2,1,6
BRDA:36,3,0,8
BRDA:38,4,0,2
BRDA:38,4,1,8
BRDA:38,5,0,10
BRDA:38,5,1,9
BRDA:38,5,2,8
BRDA:38,5,3,8
BRDA:44,6,0,2
BRDA:44,6,1,6
BRDA:48,7,0,2
BRDA:48,7,1,6
BRDA:111,8,0,1
BRDA:111,8,1,2
BRDA:114,9,0,2
BRDA:114,9,1,2
BRDA:124,10,0,3
BRDA:124,10,1,4
BRDA:124,11,0,7
BRDA:124,11,1,5
BRDA:151,12,0,1
BRDA:151,12,1,2
BRDA:151,13,0,3
BRDA:151,13,1,2
BRDA:154,14,0,2
BRDA:154,14,1,1
BRDA:165,15,0,5
BRDA:165,15,1,1
BRF:33
BRH:33
end_of_record
TN:
SF:src\controller\MenuController.ts
FN:11,(anonymous_0)
FN:33,(anonymous_1)
FN:52,(anonymous_2)
FN:71,(anonymous_3)
FN:93,oo_cm
FNF:5
FNH:5
FNDA:5,(anonymous_0)
FNDA:3,(anonymous_1)
FNDA:4,(anonymous_2)
FNDA:3,(anonymous_3)
FNDA:6,oo_cm
DA:2,1
DA:3,1
DA:4,1
DA:6,1
DA:8,1
DA:12,5
DA:13,5
DA:15,5
DA:16,5
DA:18,5
DA:19,3
DA:20,3
DA:21,2
DA:24,4
DA:25,3
DA:27,2
DA:28,2
DA:34,3
DA:35,3
DA:36,3
DA:41,2
DA:42,1
DA:44,1
DA:46,1
DA:47,1
DA:53,4
DA:54,4
DA:55,4
DA:57,3
DA:58,1
DA:61,2
DA:62,2
DA:63,1
DA:65,2
DA:66,2
DA:72,3
DA:73,3
DA:74,3
DA:76,2
DA:77,1
DA:80,1
DA:82,1
DA:83,1
DA:93,6
LF:44
LH:44
BRDA:18,0,0,3
BRDA:18,0,1,2
BRDA:21,1,0,1
BRDA:21,1,1,1
BRDA:41,2,0,1
BRDA:41,2,1,1
BRDA:57,3,0,1
BRDA:57,3,1,2
BRDA:76,4,0,1
BRDA:76,4,1,1
BRDA:93,5,0,6
BRDA:93,5,1,1
BRF:12
BRH:12
end_of_record
TN:
SF:src\controller\OrderController.ts
FN:12,(anonymous_0)
FN:43,(anonymous_1)
FN:68,oo_cm
FNF:3
FNH:3
FNDA:9,(anonymous_0)
FNDA:3,(anonymous_1)
FNDA:4,oo_cm
DA:2,1
DA:3,1
DA:4,1
DA:5,1
DA:7,1
DA:9,1
DA:13,9
DA:14,9
DA:16,9
DA:17,9
DA:18,9
DA:20,9
DA:21,4
DA:22,4
DA:23,3
DA:26,8
DA:27,4
DA:28,4
DA:29,3
DA:34,7
DA:35,6
DA:37,3
DA:38,3
DA:44,3
DA:45,3
DA:46,3
DA:51,2
DA:52,1
DA:55,1
DA:57,1
DA:58,1
DA:68,4
LF:32
LH:32
BRDA:17,0,0,9
BRDA:17,0,1,6
BRDA:20,1,0,4
BRDA:20,1,1,5
BRDA:23,2,0,2
BRDA:23,2,1,1
BRDA:26,3,0,4
BRDA:26,3,1,4
BRDA:29,4,0,2
BRDA:29,4,1,1
BRDA:51,5,0,1
BRDA:51,5,1,1
BRDA:68,6,0,4
BRDA:68,6,1,1
BRF:14
BRH:14
end_of_record
TN:
SF:src\controller\ReservationController.ts
FN:12,(anonymous_0)
FN:42,(anonymous_1)
FN:64,oo_cm
FNF:3
FNH:3
FNDA:9,(anonymous_0)
FNDA:3,(anonymous_1)
FNDA:4,oo_cm
DA:2,1
DA:3,1
DA:4,1
DA:5,1
DA:7,1
DA:9,1
DA:13,9
DA:14,9
DA:16,9
DA:17,9
DA:18,9
DA:19,9
DA:21,9
DA:22,4
DA:23,4
DA:24,3
DA:27,8
DA:28,4
DA:29,4
DA:30,3
DA:33,7
DA:34,6
DA:36,3
DA:37,3
DA:43,3
DA:44,3
DA:45,3
DA:47,2
DA:48,1
DA:51,1
DA:53,1
DA:54,1
DA:64,4
LF:33
LH:33
BRDA:21,0,0,4
BRDA:21,0,1,5
BRDA:24,1,0,2
BRDA:24,1,1,1
BRDA:27,2,0,4
BRDA:27,2,1,4
BRDA:30,3,0,2
BRDA:30,3,1,1
BRDA:47,4,0,1
BRDA:47,4,1,1
BRDA:64,5,0,4
BRDA:64,5,1,1
BRF:12
BRH:12
end_of_record
TN:
SF:src\controller\RestaurantController.ts
FN:12,(anonymous_0)
FN:25,(anonymous_1)
FN:60,oo_cm
FNF:3
FNH:3
FNDA:3,(anonymous_0)
FNDA:9,(anonymous_1)
FNDA:4,oo_cm
DA:2,1
DA:3,1
DA:4,1
DA:5,1
DA:7,1
DA:9,1
DA:13,3
DA:14,3
DA:17,2
DA:19,1
DA:20,1
DA:26,9
DA:27,9
DA:29,9
DA:30,9
DA:31,9
DA:33,9
DA:34,4
DA:35,4
DA:36,3
DA:39,8
DA:40,4
DA:41,4
DA:42,3
DA:45,7
DA:47,6
DA:49,3
DA:50,3
DA:60,4
LF:29
LH:29
BRDA:33,0,0,4
BRDA:33,0,1,5
BRDA:36,1,0,2
BRDA:36,1,1,1
BRDA:39,2,0,4
BRDA:39,2,1,4
BRDA:42,3,0,2
BRDA:42,3,1,1
BRDA:60,4,0,4
BRDA:60,4,1,1
BRF:10
BRH:10
end_of_record
TN:
SF:src\controller\UserController.ts
FN:10,(anonymous_0)
FN:36,(anonymous_1)
FN:57,(anonymous_2)
FN:79,oo_cm
FNF:4
FNH:4
FNDA:5,(anonymous_0)
FNDA:4,(anonymous_1)
FNDA:3,(anonymous_2)
FNDA:4,oo_cm
DA:2,1
DA:3,1
DA:5,1
DA:7,1
DA:11,5
DA:13,5
DA:14,5
DA:15,2
DA:19,3
DA:22,3
DA:24,2
DA:25,1
DA:28,1
DA:30,1
DA:31,1
DA:37,4
DA:38,4
DA:39,4
DA:41,4
DA:42,3
DA:43,1
DA:46,2
DA:47,2
DA:49,1
DA:51,2
DA:52,2
DA:58,3
DA:59,3
DA:60,3
DA:62,2
DA:63,1
DA:66,1
DA:68,1
DA:69,1
DA:79,4
LF:35
LH:35
BRDA:14,0,0,2
BRDA:14,0,1,3
BRDA:14,1,0,5
BRDA:14,1,1,4
BRDA:24,2,0,1
BRDA:24,2,1,1
BRDA:42,3,0,1
BRDA:42,3,1,2
BRDA:62,4,0,1
BRDA:62,4,1,1
BRDA:79,5,0,4
BRDA:79,5,1,1
BRF:12
BRH:12
end_of_record
