TN:
SF:src\controller\AuthController.ts
FN:16,(anonymous_1)
FN:33,(anonymous_2)
FN:118,(anonymous_3)
FN:163,oo_cm
FNF:4
FNH:4
FNDA:6,(anonymous_1)
FNDA:10,(anonymous_2)
FNDA:7,(anonymous_3)
FNDA:5,oo_cm
DA:3,2
DA:4,2
DA:6,2
DA:7,2
DA:9,2
DA:10,2
DA:11,2
DA:13,2
DA:17,6
DA:18,6
DA:19,6
DA:21,6
DA:22,6
DA:24,6
DA:29,5
DA:34,10
DA:35,10
DA:37,10
DA:38,2
DA:43,8
DA:46,8
DA:47,8
DA:48,2
DA:52,6
DA:55,5
DA:56,5
DA:70,5
DA:78,4
DA:81,4
DA:84,4
DA:85,4
DA:88,3
DA:89,3
DA:93,1
DA:97,4
DA:107,3
DA:109,3
DA:110,1
DA:112,2
DA:113,2
DA:119,7
DA:120,7
DA:122,7
DA:123,3
DA:127,4
DA:128,4
DA:129,4
DA:130,4
DA:131,4
DA:133,4
DA:140,1
DA:149,3
DA:150,1
DA:152,2
DA:153,2
DA:163,5
LF:56
LH:56
BRDA:9,0,0,2
BRDA:9,0,1,1
BRDA:21,1,0,6
BRDA:21,1,1,6
BRDA:22,2,0,6
BRDA:22,2,1,6
BRDA:35,3,0,8
BRDA:37,4,0,2
BRDA:37,4,1,8
BRDA:37,5,0,10
BRDA:37,5,1,9
BRDA:37,5,2,8
BRDA:37,5,3,8
BRDA:43,6,0,2
BRDA:43,6,1,6
BRDA:47,7,0,2
BRDA:47,7,1,6
BRDA:109,8,0,1
BRDA:109,8,1,2
BRDA:112,9,0,2
BRDA:112,9,1,2
BRDA:122,10,0,3
BRDA:122,10,1,4
BRDA:122,11,0,7
BRDA:122,11,1,5
BRDA:149,12,0,1
BRDA:149,12,1,2
BRDA:149,13,0,3
BRDA:149,13,1,2
BRDA:152,14,0,2
BRDA:152,14,1,1
BRDA:163,15,0,5
BRDA:163,15,1,1
BRF:33
BRH:33
end_of_record
TN:
SF:src\controller\MenuController.ts
FN:11,(anonymous_0)
FN:28,(anonymous_1)
FN:47,(anonymous_2)
FN:70,(anonymous_3)
FN:95,oo_cm
FNF:5
FNH:5
FNDA:5,(anonymous_0)
FNDA:3,(anonymous_1)
FNDA:4,(anonymous_2)
FNDA:3,(anonymous_3)
FNDA:6,oo_cm
DA:2,2
DA:3,2
DA:5,2
DA:7,2
DA:12,5
DA:13,5
DA:15,5
DA:20,3
DA:22,2
DA:23,2
DA:29,3
DA:30,3
DA:33,3
DA:35,2
DA:36,1
DA:39,1
DA:41,1
DA:42,1
DA:48,4
DA:49,4
DA:51,4
DA:53,2
DA:54,1
DA:58,1
DA:62,1
DA:64,2
DA:65,2
DA:71,3
DA:72,3
DA:73,3
DA:75,2
DA:76,1
DA:80,1
DA:82,1
DA:84,1
DA:85,1
DA:95,6
LF:37
LH:37
BRDA:35,0,0,1
BRDA:35,0,1,1
BRDA:53,1,0,1
BRDA:53,1,1,1
BRDA:75,2,0,1
BRDA:75,2,1,1
BRDA:95,3,0,6
BRDA:95,3,1,1
BRF:8
BRH:8
end_of_record
TN:
SF:src\controller\OrderController.ts
FN:9,(anonymous_0)
FN:27,(anonymous_1)
FN:49,oo_cm
FNF:3
FNH:3
FNDA:9,(anonymous_0)
FNDA:3,(anonymous_1)
FNDA:4,oo_cm
DA:2,2
DA:4,2
DA:6,2
DA:10,9
DA:11,9
DA:13,9
DA:19,6
DA:21,3
DA:22,3
DA:28,3
DA:29,3
DA:30,3
DA:32,2
DA:33,1
DA:36,1
DA:38,1
DA:39,1
DA:49,4
LF:18
LH:18
BRDA:32,0,0,1
BRDA:32,0,1,1
BRDA:49,1,0,4
BRDA:49,1,1,1
BRF:4
BRH:4
end_of_record
TN:
SF:src\controller\ReservationController.ts
FN:9,(anonymous_0)
FN:29,(anonymous_1)
FN:51,oo_cm
FNF:3
FNH:3
FNDA:9,(anonymous_0)
FNDA:3,(anonymous_1)
FNDA:4,oo_cm
DA:2,2
DA:4,2
DA:6,2
DA:10,9
DA:11,9
DA:13,9
DA:21,6
DA:23,3
DA:24,3
DA:30,3
DA:31,3
DA:32,3
DA:34,2
DA:35,1
DA:38,1
DA:40,1
DA:41,1
DA:51,4
LF:18
LH:18
BRDA:34,0,0,1
BRDA:34,0,1,1
BRDA:51,1,0,4
BRDA:51,1,1,1
BRF:4
BRH:4
end_of_record
TN:
SF:src\controller\RestaurantController.ts
FN:10,(anonymous_0)
FN:22,(anonymous_1)
FN:49,oo_cm
FNF:3
FNH:3
FNDA:3,(anonymous_0)
FNDA:9,(anonymous_1)
FNDA:4,oo_cm
DA:2,2
DA:3,2
DA:5,2
DA:7,2
DA:11,3
DA:12,3
DA:14,2
DA:16,1
DA:17,1
DA:23,9
DA:24,9
DA:26,9
DA:34,6
DA:36,6
DA:38,3
DA:39,3
DA:49,4
LF:17
LH:17
BRDA:49,0,0,4
BRDA:49,0,1,1
BRF:2
BRH:2
end_of_record
TN:
SF:src\controller\UserController.ts
FN:10,(anonymous_0)
FN:36,(anonymous_1)
FN:54,(anonymous_2)
FN:76,oo_cm
FNF:4
FNH:4
FNDA:5,(anonymous_0)
FNDA:4,(anonymous_1)
FNDA:3,(anonymous_2)
FNDA:4,oo_cm
DA:3,2
DA:5,2
DA:7,2
DA:11,5
DA:13,5
DA:14,5
DA:15,2
DA:19,3
DA:22,3
DA:24,2
DA:25,1
DA:28,1
DA:30,1
DA:31,1
DA:37,4
DA:38,4
DA:39,4
DA:41,4
DA:42,2
DA:43,1
DA:46,1
DA:48,2
DA:49,2
DA:55,3
DA:56,3
DA:57,3
DA:59,2
DA:60,1
DA:63,1
DA:65,1
DA:66,1
DA:76,4
LF:32
LH:32
BRDA:14,0,0,2
BRDA:14,0,1,3
BRDA:14,1,0,5
BRDA:14,1,1,4
BRDA:24,2,0,1
BRDA:24,2,1,1
BRDA:42,3,0,1
BRDA:42,3,1,1
BRDA:59,4,0,1
BRDA:59,4,1,1
BRDA:76,5,0,4
BRDA:76,5,1,1
BRF:12
BRH:12
end_of_record
TN:
SF:src\repository\RepositoryFactory.ts
FN:17,(anonymous_0)
FN:32,(anonymous_1)
FN:47,(anonymous_2)
FN:62,(anonymous_3)
FN:77,(anonymous_4)
FN:92,(anonymous_5)
FNF:6
FNH:6
FNDA:2,(anonymous_0)
FNDA:3,(anonymous_1)
FNDA:1,(anonymous_2)
FNDA:2,(anonymous_3)
FNDA:2,(anonymous_4)
FNDA:2,(anonymous_5)
DA:2,6
DA:4,6
DA:6,6
DA:8,6
DA:10,6
DA:12,6
DA:14,6
DA:18,2
DA:20,2
DA:21,2
DA:24,0
DA:25,0
DA:26,0
DA:29,0
DA:33,3
DA:35,3
DA:36,3
DA:39,0
DA:40,0
DA:41,0
DA:44,0
DA:48,1
DA:50,1
DA:51,1
DA:54,0
DA:55,0
DA:56,0
DA:59,0
DA:63,2
DA:65,2
DA:66,2
DA:69,0
DA:70,0
DA:71,0
DA:74,0
DA:78,2
DA:80,2
DA:81,2
DA:84,0
DA:85,0
DA:86,0
DA:89,0
DA:93,2
DA:95,2
DA:96,2
DA:99,0
DA:100,0
DA:101,0
DA:104,0
LF:49
LH:25
BRDA:18,0,0,2
BRDA:18,0,1,1
BRDA:20,1,0,2
BRDA:20,1,1,0
BRDA:24,2,0,0
BRDA:24,2,1,0
BRDA:33,3,0,3
BRDA:33,3,1,1
BRDA:35,4,0,3
BRDA:35,4,1,0
BRDA:39,5,0,0
BRDA:39,5,1,0
BRDA:48,6,0,1
BRDA:48,6,1,0
BRDA:50,7,0,1
BRDA:50,7,1,0
BRDA:54,8,0,0
BRDA:54,8,1,0
BRDA:63,9,0,2
BRDA:63,9,1,1
BRDA:65,10,0,2
BRDA:65,10,1,0
BRDA:69,11,0,0
BRDA:69,11,1,0
BRDA:78,12,0,2
BRDA:78,12,1,1
BRDA:80,13,0,2
BRDA:80,13,1,0
BRDA:84,14,0,0
BRDA:84,14,1,0
BRDA:93,15,0,2
BRDA:93,15,1,1
BRDA:95,16,0,2
BRDA:95,16,1,0
BRDA:99,17,0,0
BRDA:99,17,1,0
BRF:36
BRH:17
end_of_record
TN:
SF:src\repository\mongo\MongoMenuRepository.ts
FN:6,(anonymous_0)
FN:10,(anonymous_1)
FN:15,(anonymous_2)
FN:25,(anonymous_3)
FN:34,(anonymous_4)
FN:39,(anonymous_5)
FNF:6
FNH:0
FNDA:0,(anonymous_0)
FNDA:0,(anonymous_1)
FNDA:0,(anonymous_2)
FNDA:0,(anonymous_3)
FNDA:0,(anonymous_4)
FNDA:0,(anonymous_5)
DA:1,0
DA:5,0
DA:7,0
DA:11,0
DA:12,0
DA:16,0
DA:21,0
DA:22,0
DA:26,0
DA:31,0
DA:35,0
DA:36,0
DA:40,0
DA:41,0
LF:14
LH:0
BRDA:12,0,0,0
BRDA:12,0,1,0
BRDA:31,1,0,0
BRDA:31,1,1,0
BRF:4
BRH:0
end_of_record
TN:
SF:src\repository\mongo\MongoOrderRepository.ts
FN:6,(anonymous_0)
FN:10,(anonymous_1)
FN:15,(anonymous_2)
FN:26,(anonymous_3)
FNF:4
FNH:0
FNDA:0,(anonymous_0)
FNDA:0,(anonymous_1)
FNDA:0,(anonymous_2)
FNDA:0,(anonymous_3)
DA:1,0
DA:5,0
DA:7,0
DA:11,0
DA:12,0
DA:16,0
DA:22,0
DA:23,0
DA:27,0
DA:28,0
LF:10
LH:0
BRDA:12,0,0,0
BRDA:12,0,1,0
BRF:2
BRH:0
end_of_record
TN:
SF:src\repository\mongo\MongoReservationRepository.ts
FN:6,(anonymous_0)
FN:10,(anonymous_1)
FN:20,(anonymous_2)
FN:25,(anonymous_3)
FNF:4
FNH:0
FNDA:0,(anonymous_0)
FNDA:0,(anonymous_1)
FNDA:0,(anonymous_2)
FNDA:0,(anonymous_3)
DA:1,0
DA:5,0
DA:7,0
DA:11,0
DA:16,0
DA:17,0
DA:21,0
DA:22,0
DA:26,0
DA:27,0
LF:10
LH:0
BRF:0
BRH:0
end_of_record
TN:
SF:src\repository\mongo\MongoRestaurantRepository.ts
FN:7,(anonymous_0)
FN:11,(anonymous_1)
FN:16,(anonymous_2)
FN:21,(anonymous_3)
FN:36,(anonymous_4)
FN:46,(anonymous_5)
FN:53,(anonymous_6)
FNF:7
FNH:0
FNDA:0,(anonymous_0)
FNDA:0,(anonymous_1)
FNDA:0,(anonymous_2)
FNDA:0,(anonymous_3)
FNDA:0,(anonymous_4)
FNDA:0,(anonymous_5)
FNDA:0,(anonymous_6)
DA:3,0
DA:6,0
DA:8,0
DA:12,0
DA:13,0
DA:17,0
DA:18,0
DA:24,0
DA:26,0
DA:32,0
DA:33,0
DA:37,0
DA:43,0
DA:47,0
DA:48,0
DA:54,0
DA:55,0
LF:17
LH:0
BRDA:18,0,0,0
BRDA:18,0,1,0
BRDA:43,1,0,0
BRDA:43,1,1,0
BRF:4
BRH:0
end_of_record
TN:
SF:src\repository\mongo\MongoRoleRepository.ts
FN:6,(anonymous_0)
FN:10,(anonymous_1)
FN:15,(anonymous_2)
FNF:3
FNH:0
FNDA:0,(anonymous_0)
FNDA:0,(anonymous_1)
FNDA:0,(anonymous_2)
DA:1,0
DA:5,0
DA:7,0
DA:11,0
DA:12,0
DA:16,0
DA:17,0
LF:7
LH:0
BRDA:12,0,0,0
BRDA:12,0,1,0
BRF:2
BRH:0
end_of_record
TN:
SF:src\repository\mongo\MongoUserRepository.ts
FN:6,(anonymous_0)
FN:10,(anonymous_1)
FN:15,(anonymous_2)
FN:20,(anonymous_3)
FN:29,(anonymous_4)
FN:34,(anonymous_5)
FN:46,(anonymous_6)
FN:51,(anonymous_7)
FNF:8
FNH:0
FNDA:0,(anonymous_0)
FNDA:0,(anonymous_1)
FNDA:0,(anonymous_2)
FNDA:0,(anonymous_3)
FNDA:0,(anonymous_4)
FNDA:0,(anonymous_5)
FNDA:0,(anonymous_6)
FNDA:0,(anonymous_7)
DA:1,0
DA:5,0
DA:7,0
DA:11,0
DA:12,0
DA:16,0
DA:17,0
DA:21,0
DA:26,0
DA:30,0
DA:31,0
DA:35,0
DA:42,0
DA:43,0
DA:47,0
DA:48,0
DA:52,0
DA:53,0
LF:18
LH:0
BRDA:12,0,0,0
BRDA:12,0,1,0
BRDA:17,1,0,0
BRDA:17,1,1,0
BRDA:26,2,0,0
BRDA:26,2,1,0
BRDA:48,3,0,0
BRDA:48,3,1,0
BRF:8
BRH:0
end_of_record
TN:
SF:src\repository\postgres\PostgresMenuRepository.ts
FN:6,(anonymous_0)
FN:9,(anonymous_1)
FN:16,(anonymous_2)
FN:29,(anonymous_3)
FN:38,(anonymous_4)
FNF:5
FNH:5
FNDA:2,(anonymous_0)
FNDA:3,(anonymous_1)
FNDA:5,(anonymous_2)
FNDA:4,(anonymous_3)
FNDA:3,(anonymous_4)
DA:1,6
DA:2,6
DA:3,6
DA:6,6
DA:7,2
DA:10,3
DA:17,5
DA:18,5
DA:20,5
DA:21,3
DA:22,3
DA:23,2
DA:26,4
DA:31,4
DA:32,3
DA:34,2
DA:35,2
DA:39,3
DA:40,2
LF:19
LH:19
BRDA:18,0,0,5
BRDA:18,0,1,0
BRDA:20,1,0,3
BRDA:20,1,1,2
BRDA:23,2,0,1
BRDA:23,2,1,1
BRDA:32,3,0,1
BRDA:32,3,1,2
BRDA:40,4,0,2
BRDA:40,4,1,2
BRF:10
BRH:9
end_of_record
TN:
SF:src\repository\postgres\PostgresOrderRepository.ts
FN:7,(anonymous_0)
FN:10,(anonymous_1)
FN:17,(anonymous_2)
FNF:3
FNH:3
FNDA:2,(anonymous_0)
FNDA:3,(anonymous_1)
FNDA:9,(anonymous_2)
DA:1,6
DA:2,6
DA:3,6
DA:4,6
DA:7,6
DA:8,2
DA:11,3
DA:18,9
DA:19,9
DA:20,9
DA:22,9
DA:23,4
DA:24,4
DA:25,3
DA:28,8
DA:29,4
DA:30,4
DA:31,3
DA:34,7
LF:19
LH:19
BRDA:19,0,0,9
BRDA:19,0,1,6
BRDA:22,1,0,4
BRDA:22,1,1,5
BRDA:25,2,0,2
BRDA:25,2,1,1
BRDA:28,3,0,4
BRDA:28,3,1,4
BRDA:31,4,0,2
BRDA:31,4,1,1
BRF:10
BRH:10
end_of_record
TN:
SF:src\repository\postgres\PostgresReservationRepository.ts
FN:7,(anonymous_0)
FN:10,(anonymous_1)
FN:31,(anonymous_2)
FNF:3
FNH:3
FNDA:2,(anonymous_0)
FNDA:9,(anonymous_1)
FNDA:3,(anonymous_2)
DA:1,6
DA:2,6
DA:3,6
DA:4,6
DA:7,6
DA:8,2
DA:11,9
DA:12,9
DA:13,9
DA:14,9
DA:16,9
DA:17,4
DA:18,4
DA:19,3
DA:22,8
DA:23,4
DA:24,4
DA:25,3
DA:28,7
DA:32,3
DA:33,2
LF:21
LH:21
BRDA:12,0,0,9
BRDA:12,0,1,0
BRDA:13,1,0,9
BRDA:13,1,1,0
BRDA:14,2,0,9
BRDA:14,2,1,0
BRDA:16,3,0,4
BRDA:16,3,1,5
BRDA:19,4,0,2
BRDA:19,4,1,1
BRDA:22,5,0,4
BRDA:22,5,1,4
BRDA:25,6,0,2
BRDA:25,6,1,1
BRDA:33,7,0,2
BRDA:33,7,1,2
BRF:16
BRH:13
end_of_record
TN:
SF:src\repository\postgres\PostgresRestaurantRepository.ts
FN:7,(anonymous_0)
FN:10,(anonymous_1)
FN:16,(anonymous_2)
FN:23,(anonymous_3)
FN:46,(anonymous_4)
FN:54,(anonymous_5)
FNF:6
FNH:3
FNDA:2,(anonymous_0)
FNDA:3,(anonymous_1)
FNDA:0,(anonymous_2)
FNDA:9,(anonymous_3)
FNDA:0,(anonymous_4)
FNDA:0,(anonymous_5)
DA:1,6
DA:2,6
DA:3,6
DA:4,6
DA:7,6
DA:8,2
DA:11,3
DA:17,0
DA:24,9
DA:26,9
DA:29,9
DA:31,9
DA:32,4
DA:33,4
DA:34,3
DA:37,8
DA:38,4
DA:39,4
DA:40,3
DA:43,7
DA:47,0
DA:48,0
DA:50,0
DA:51,0
DA:55,0
DA:56,0
LF:26
LH:19
BRDA:26,0,0,9
BRDA:26,0,1,0
BRDA:31,1,0,4
BRDA:31,1,1,5
BRDA:34,2,0,2
BRDA:34,2,1,1
BRDA:37,3,0,4
BRDA:37,3,1,4
BRDA:40,4,0,2
BRDA:40,4,1,1
BRDA:48,5,0,0
BRDA:48,5,1,0
BRDA:56,6,0,0
BRDA:56,6,1,0
BRF:14
BRH:9
end_of_record
TN:
SF:src\repository\postgres\PostgresRoleRepository.ts
FN:5,(anonymous_0)
FN:8,(anonymous_1)
FNF:2
FNH:1
FNDA:1,(anonymous_0)
FNDA:0,(anonymous_1)
DA:1,6
DA:2,6
DA:5,6
DA:6,1
DA:9,0
LF:5
LH:4
BRF:0
BRH:0
end_of_record
TN:
SF:src\repository\postgres\PostgresUserRepository.ts
FN:5,(anonymous_0)
FN:8,(anonymous_1)
FN:12,(anonymous_2)
FN:16,(anonymous_3)
FN:21,(anonymous_4)
FN:29,(anonymous_5)
FN:34,(anonymous_6)
FNF:7
FNH:5
FNDA:3,(anonymous_0)
FNDA:3,(anonymous_1)
FNDA:4,(anonymous_2)
FNDA:0,(anonymous_3)
FNDA:4,(anonymous_4)
FNDA:3,(anonymous_5)
FNDA:0,(anonymous_6)
DA:1,6
DA:2,6
DA:5,6
DA:6,3
DA:9,3
DA:13,4
DA:17,0
DA:18,0
DA:22,4
DA:23,3
DA:25,2
DA:26,2
DA:30,3
DA:31,2
DA:35,0
LF:15
LH:12
BRDA:23,0,0,1
BRDA:23,0,1,2
BRDA:31,1,0,2
BRDA:31,1,1,2
BRF:4
BRH:4
end_of_record
